        -:    0:Source:semantic/errors.c
        -:    1:#include "errors.h"
        -:    2:
        -:    3:#include <stdlib.h>
        -:    4:#include <string.h>
        -:    5:
       28:    6:static char *copyMessage(const char *message) {
       28:    7:    size_t length = strlen(message);
       28:    8:    char *copy = malloc(length + 1);
        -:    9:
       28:   10:    if (copy == NULL) {
    #####:   11:        return NULL;
        -:   12:    }
        -:   13:
       28:   14:    memcpy(copy, message, length + 1);
       28:   15:    return copy;
        -:   16:}
        -:   17:
    #####:   18:const char *semanticErrorKindName(SemanticErrorKind kind) {
    #####:   19:    switch (kind) {
    #####:   20:        case SEMANTIC_ERROR_TYPE:
    #####:   21:            return "TypeError";
    #####:   22:        case SEMANTIC_ERROR_NAME:
    #####:   23:            return "NameError";
    #####:   24:        case SEMANTIC_ERROR_DECLARATION:
    #####:   25:            return "DeclarationError";
        -:   26:    }
        -:   27:
    #####:   28:    return "SemanticError";
        -:   29:}
        -:   30:
       46:   31:void semanticErrorListInit(SemanticErrorList *list) {
       46:   32:    list->items = NULL;
       46:   33:    list->count = 0;
       46:   34:    list->capacity = 0;
       46:   35:}
        -:   36:
       28:   37:void semanticErrorListAppend(SemanticErrorList *list, SemanticErrorKind kind, int line, int column, const char *message) {
        -:   38:    SemanticError *nextItems;
        -:   39:    char *copy;
        -:   40:    size_t nextCapacity;
        -:   41:
       28:   42:    if (list->count == list->capacity) {
      25*:   43:        nextCapacity = list->capacity == 0 ? 4 : list->capacity * 2;
       25:   44:        nextItems = realloc(list->items, nextCapacity * sizeof(SemanticError));
       25:   45:        if (nextItems == NULL) {
    #####:   46:            return;
        -:   47:        }
        -:   48:
       25:   49:        list->items = nextItems;
       25:   50:        list->capacity = nextCapacity;
        -:   51:    }
        -:   52:
       28:   53:    copy = copyMessage(message);
       28:   54:    if (copy == NULL) {
    #####:   55:        return;
        -:   56:    }
        -:   57:
       28:   58:    list->items[list->count].kind = kind;
       28:   59:    list->items[list->count].line = line;
       28:   60:    list->items[list->count].column = column;
       28:   61:    list->items[list->count].message = copy;
       28:   62:    list->count++;
        -:   63:}
        -:   64:
       46:   65:void semanticErrorListFree(SemanticErrorList *list) {
        -:   66:    size_t i;
        -:   67:
       74:   68:    for (i = 0; i < list->count; i++) {
       28:   69:        free(list->items[i].message);
        -:   70:    }
        -:   71:
       46:   72:    free(list->items);
       46:   73:    list->items = NULL;
       46:   74:    list->count = 0;
       46:   75:    list->capacity = 0;
       46:   76:}
