        -:    0:Source:ir/ir_core.c
        -:    1:#include "ir.h"
        -:    2:
        -:    3:#include <stdlib.h>
        -:    4:#include <string.h>
        -:    5:
        6:    6:static char *irCopyString(const char *value) {
        -:    7:    char *copy;
        -:    8:    size_t length;
        -:    9:
        6:   10:    if (value == NULL) {
    #####:   11:        return NULL;
        -:   12:    }
        -:   13:
        6:   14:    length = strlen(value);
        6:   15:    copy = malloc(length + 1);
        6:   16:    if (copy == NULL) {
    #####:   17:        return NULL;
        -:   18:    }
        -:   19:
        6:   20:    memcpy(copy, value, length + 1);
        6:   21:    return copy;
        -:   22:}
        -:   23:
      479:   24:IRType *irTypeCreate(IRTypeKind kind) {
      479:   25:    IRType *type = calloc(1, sizeof(IRType));
        -:   26:
      479:   27:    if (type == NULL) {
    #####:   28:        return NULL;
        -:   29:    }
        -:   30:
      479:   31:    type->kind = kind;
      479:   32:    return type;
        -:   33:}
        -:   34:
        7:   35:IRType *irTypeCreateArray(IRType *element_type) {
        7:   36:    IRType *type = irTypeCreate(IR_TYPE_ARRAY);
        -:   37:
        7:   38:    if (type == NULL) {
    #####:   39:        irTypeFree(element_type);
    #####:   40:        return NULL;
        -:   41:    }
        -:   42:
        7:   43:    type->element_type = element_type;
        7:   44:    return type;
        -:   45:}
        -:   46:
        7:   47:IRType *irTypeCreateSizedArray(IRType *element_type, size_t array_size) {
        7:   48:    IRType *type = irTypeCreateArray(element_type);
        -:   49:
        7:   50:    if (type == NULL) {
    #####:   51:        return NULL;
        -:   52:    }
        -:   53:
        7:   54:    type->array_size = array_size;
        7:   55:    type->has_array_size = true;
        7:   56:    return type;
        -:   57:}
        -:   58:
       20:   59:IRType *irTypeCreatePointer(IRType *element_type) {
       20:   60:    IRType *type = irTypeCreate(IR_TYPE_POINTER);
        -:   61:
       20:   62:    if (type == NULL) {
    #####:   63:        irTypeFree(element_type);
    #####:   64:        return NULL;
        -:   65:    }
        -:   66:
       20:   67:    type->element_type = element_type;
       20:   68:    return type;
        -:   69:}
        -:   70:
      335:   71:IRType *irTypeClone(const IRType *type) {
        -:   72:    IRType *copy;
        -:   73:
      335:   74:    if (type == NULL) {
    #####:   75:        return NULL;
        -:   76:    }
        -:   77:
      335:   78:    copy = irTypeCreate(type->kind);
      335:   79:    if (copy == NULL) {
    #####:   80:        return NULL;
        -:   81:    }
        -:   82:
      335:   83:    if (type->element_type != NULL) {
       56:   84:        copy->element_type = irTypeClone(type->element_type);
       56:   85:        if (copy->element_type == NULL) {
    #####:   86:            irTypeFree(copy);
    #####:   87:            return NULL;
        -:   88:        }
        -:   89:    }
        -:   90:
      335:   91:    copy->array_size = type->array_size;
      335:   92:    copy->has_array_size = type->has_array_size;
        -:   93:
      335:   94:    return copy;
        -:   95:}
        -:   96:
      915:   97:void irTypeFree(IRType *type) {
      915:   98:    if (type == NULL) {
      439:   99:        return;
        -:  100:    }
        -:  101:
      476:  102:    irTypeFree(type->element_type);
      476:  103:    free(type);
        -:  104:}
        -:  105:
       34:  106:IRLiteral *irLiteralCreateInt(long value) {
       34:  107:    IRLiteral *literal = calloc(1, sizeof(IRLiteral));
        -:  108:
       34:  109:    if (literal == NULL) {
    #####:  110:        return NULL;
        -:  111:    }
        -:  112:
       34:  113:    literal->kind = IR_LITERAL_INT;
       34:  114:    literal->data.int_value = value;
       34:  115:    return literal;
        -:  116:}
        -:  117:
    #####:  118:IRLiteral *irLiteralCreateFloat(double value) {
    #####:  119:    IRLiteral *literal = calloc(1, sizeof(IRLiteral));
        -:  120:
    #####:  121:    if (literal == NULL) {
    #####:  122:        return NULL;
        -:  123:    }
        -:  124:
    #####:  125:    literal->kind = IR_LITERAL_FLOAT;
    #####:  126:    literal->data.float_value = value;
    #####:  127:    return literal;
        -:  128:}
        -:  129:
        6:  130:IRLiteral *irLiteralCreateString(const char *value) {
        6:  131:    IRLiteral *literal = calloc(1, sizeof(IRLiteral));
        -:  132:
        6:  133:    if (literal == NULL) {
    #####:  134:        return NULL;
        -:  135:    }
        -:  136:
        6:  137:    literal->kind = IR_LITERAL_STRING;
        6:  138:    literal->data.string_value = irCopyString(value);
        6:  139:    if (value != NULL && literal->data.string_value == NULL) {
    #####:  140:        free(literal);
    #####:  141:        return NULL;
        -:  142:    }
        -:  143:
        6:  144:    return literal;
        -:  145:}
        -:  146:
        1:  147:IRLiteral *irLiteralCreateBool(bool value) {
        1:  148:    IRLiteral *literal = calloc(1, sizeof(IRLiteral));
        -:  149:
        1:  150:    if (literal == NULL) {
    #####:  151:        return NULL;
        -:  152:    }
        -:  153:
        1:  154:    literal->kind = IR_LITERAL_BOOL;
        1:  155:    literal->data.bool_value = value;
        1:  156:    return literal;
        -:  157:}
        -:  158:
       41:  159:void irLiteralFree(IRLiteral *literal) {
       41:  160:    if (literal == NULL) {
    #####:  161:        return;
        -:  162:    }
        -:  163:
       41:  164:    if (literal->kind == IR_LITERAL_STRING) {
        6:  165:        free(literal->data.string_value);
        -:  166:    }
        -:  167:
       41:  168:    free(literal);
        -:  169:}
        -:  170:
       68:  171:IROperand irOperandCreateLocal(IRType *type, unsigned int local_id) {
        -:  172:    IROperand operand;
        -:  173:
       68:  174:    operand.type = type;
       68:  175:    operand.kind = IR_OPERAND_LOCAL;
       68:  176:    operand.data.local_id = local_id;
       68:  177:    return operand;
        -:  178:}
        -:  179:
        4:  180:IROperand irOperandCreateParam(IRType *type, unsigned int param_id) {
        -:  181:    IROperand operand;
        -:  182:
        4:  183:    operand.type = type;
        4:  184:    operand.kind = IR_OPERAND_PARAM;
        4:  185:    operand.data.param_id = param_id;
        4:  186:    return operand;
        -:  187:}
        -:  188:
        5:  189:IROperand irOperandCreateGlobal(IRType *type, unsigned int global_id) {
        -:  190:    IROperand operand;
        -:  191:
        5:  192:    operand.type = type;
        5:  193:    operand.kind = IR_OPERAND_GLOBAL;
        5:  194:    operand.data.global_id = global_id;
        5:  195:    return operand;
        -:  196:}
        -:  197:
       33:  198:IROperand irOperandCreateLiteral(IRType *type, IRLiteral *literal) {
        -:  199:    IROperand operand;
        -:  200:
       33:  201:    operand.type = type;
       33:  202:    operand.kind = IR_OPERAND_LITERAL;
       33:  203:    operand.data.literal = literal;
       33:  204:    return operand;
        -:  205:}
        -:  206:
    #####:  207:IROperand irOperandCreateBlock(unsigned int block_id) {
        -:  208:    IROperand operand;
        -:  209:
    #####:  210:    operand.type = NULL;
    #####:  211:    operand.kind = IR_OPERAND_BLOCK;
    #####:  212:    operand.data.block_id = block_id;
    #####:  213:    return operand;
        -:  214:}
        -:  215:
      129:  216:IRValue irValueEmpty(void) {
        -:  217:    IRValue value;
        -:  218:
      129:  219:    memset(&value, 0, sizeof(IRValue));
      129:  220:    return value;
        -:  221:}
        -:  222:
      110:  223:void irOperandFree(IROperand *operand) {
      110:  224:    if (operand == NULL) {
    #####:  225:        return;
        -:  226:    }
        -:  227:
      110:  228:    irTypeFree(operand->type);
      110:  229:    if (operand->kind == IR_OPERAND_LITERAL) {
       33:  230:        irLiteralFree(operand->data.literal);
        -:  231:    }
        -:  232:
      110:  233:    operand->type = NULL;
        -:  234:}
