        -:    0:Source:ir/ir_module.c
        -:    1:#include "ir.h"
        -:    2:
        -:    3:#include <stdlib.h>
        -:    4:#include <string.h>
        -:    5:
       20:    6:static char *irCopyString(const char *value) {
        -:    7:    char *copy;
        -:    8:    size_t length;
        -:    9:
       20:   10:    if (value == NULL) {
    #####:   11:        return NULL;
        -:   12:    }
        -:   13:
       20:   14:    length = strlen(value);
       20:   15:    copy = malloc(length + 1);
       20:   16:    if (copy == NULL) {
    #####:   17:        return NULL;
        -:   18:    }
        -:   19:
       20:   20:    memcpy(copy, value, length + 1);
       20:   21:    return copy;
        -:   22:}
        -:   23:
       62:   24:static bool irGrowPointerArray(void ***items, size_t *capacity, size_t item_size) {
        -:   25:    void **grown_items;
        -:   26:    size_t new_capacity;
        -:   27:
       62:   28:    new_capacity = *capacity == 0 ? 4 : (*capacity * 2);
       62:   29:    grown_items = realloc(*items, new_capacity * item_size);
       62:   30:    if (grown_items == NULL) {
    #####:   31:        return false;
        -:   32:    }
        -:   33:
       62:   34:    *items = grown_items;
       62:   35:    *capacity = new_capacity;
       62:   36:    return true;
        -:   37:}
        -:   38:
        4:   39:static void irParameterFree(IRParameter *parameter) {
        4:   40:    if (parameter == NULL) {
    #####:   41:        return;
        -:   42:    }
        -:   43:
        4:   44:    free(parameter->name);
        4:   45:    irTypeFree(parameter->type);
        4:   46:    parameter->name = NULL;
        4:   47:    parameter->type = NULL;
        -:   48:}
        -:   49:
       25:   50:IRBasicBlock *irBasicBlockCreate(unsigned int id) {
       25:   51:    IRBasicBlock *block = calloc(1, sizeof(IRBasicBlock));
        -:   52:
       25:   53:    if (block == NULL) {
    #####:   54:        return NULL;
        -:   55:    }
        -:   56:
       25:   57:    block->id = id;
       25:   58:    return block;
        -:   59:}
        -:   60:
       91:   61:bool irBasicBlockAppendInstruction(IRBasicBlock *block, IRInstruction *instruction) {
       91:   62:    if (block == NULL || instruction == NULL) {
    #####:   63:        return false;
        -:   64:    }
        -:   65:
       91:   66:    if (block->instruction_count == block->instruction_capacity) {
       34:   67:        if (!irGrowPointerArray((void ***) &block->instructions, &block->instruction_capacity, sizeof(IRInstruction *))) {
    #####:   68:            return false;
        -:   69:        }
        -:   70:    }
        -:   71:
       91:   72:    block->instructions[block->instruction_count++] = instruction;
       91:   73:    return true;
        -:   74:}
        -:   75:
       25:   76:void irBasicBlockFree(IRBasicBlock *block) {
        -:   77:    size_t i;
        -:   78:
       25:   79:    if (block == NULL) {
    #####:   80:        return;
        -:   81:    }
        -:   82:
      116:   83:    for (i = 0; i < block->instruction_count; i++) {
       91:   84:        irInstructionFree(block->instructions[i]);
        -:   85:    }
        -:   86:
       25:   87:    free(block->instructions);
       25:   88:    free(block);
        -:   89:}
        -:   90:
       12:   91:IRFunction *irFunctionCreate(const char *name, IRType *return_type, IRScope *parent_scope) {
       12:   92:    IRFunction *function = calloc(1, sizeof(IRFunction));
        -:   93:
       12:   94:    if (function == NULL) {
    #####:   95:        irTypeFree(return_type);
    #####:   96:        return NULL;
        -:   97:    }
        -:   98:
       12:   99:    function->name = irCopyString(name);
       12:  100:    if (name != NULL && function->name == NULL) {
    #####:  101:        irTypeFree(return_type);
    #####:  102:        free(function);
    #####:  103:        return NULL;
        -:  104:    }
        -:  105:
       12:  106:    function->return_type = return_type;
       12:  107:    function->scope = irScopeCreate(parent_scope);
       12:  108:    if (function->scope == NULL) {
    #####:  109:        irFunctionFree(function);
    #####:  110:        return NULL;
        -:  111:    }
        -:  112:
       12:  113:    function->next_local_id = 1;
       12:  114:    function->next_block_id = 1;
       12:  115:    return function;
        -:  116:}
        -:  117:
       46:  118:unsigned int irFunctionReserveLocalId(IRFunction *function) {
        -:  119:    unsigned int local_id;
        -:  120:
       46:  121:    if (function == NULL) {
    #####:  122:        return 0;
        -:  123:    }
        -:  124:
       46:  125:    local_id = function->next_local_id;
       46:  126:    function->next_local_id++;
       46:  127:    return local_id;
        -:  128:}
        -:  129:
       25:  130:unsigned int irFunctionReserveBlockId(IRFunction *function) {
        -:  131:    unsigned int block_id;
        -:  132:
       25:  133:    if (function == NULL) {
    #####:  134:        return 0;
        -:  135:    }
        -:  136:
       25:  137:    block_id = function->next_block_id;
       25:  138:    function->next_block_id++;
       25:  139:    return block_id;
        -:  140:}
        -:  141:
       25:  142:IRBasicBlock *irFunctionCreateBlock(IRFunction *function) {
       25:  143:    if (function == NULL) {
    #####:  144:        return NULL;
        -:  145:    }
        -:  146:
       25:  147:    return irBasicBlockCreate(irFunctionReserveBlockId(function));
        -:  148:}
        -:  149:
       25:  150:bool irFunctionAppendBlock(IRFunction *function, IRBasicBlock *block) {
       25:  151:    if (function == NULL || block == NULL) {
    #####:  152:        return false;
        -:  153:    }
        -:  154:
       25:  155:    if (function->block_count == function->block_capacity) {
       13:  156:        if (!irGrowPointerArray((void ***) &function->blocks, &function->block_capacity, sizeof(IRBasicBlock *))) {
    #####:  157:            return false;
        -:  158:        }
        -:  159:    }
        -:  160:
       25:  161:    function->blocks[function->block_count++] = block;
       25:  162:    return true;
        -:  163:}
        -:  164:
       12:  165:void irFunctionFree(IRFunction *function) {
        -:  166:    size_t i;
        -:  167:
       12:  168:    if (function == NULL) {
    #####:  169:        return;
        -:  170:    }
        -:  171:
       12:  172:    free(function->name);
       12:  173:    irTypeFree(function->return_type);
       16:  174:    for (i = 0; i < function->param_count; i++) {
        4:  175:        irParameterFree(&function->params[i]);
        -:  176:    }
       12:  177:    free(function->params);
       37:  178:    for (i = 0; i < function->block_count; i++) {
       25:  179:        irBasicBlockFree(function->blocks[i]);
        -:  180:    }
       12:  181:    free(function->blocks);
       12:  182:    irScopeFree(function->scope);
       12:  183:    free(function);
        -:  184:}
        -:  185:
        8:  186:IRGlobal *irGlobalCreate(const char *name, unsigned int id, IRType *type, IRLiteral *initializer) {
        8:  187:    IRGlobal *global = calloc(1, sizeof(IRGlobal));
        -:  188:
        8:  189:    if (global == NULL) {
    #####:  190:        irTypeFree(type);
    #####:  191:        irLiteralFree(initializer);
    #####:  192:        return NULL;
        -:  193:    }
        -:  194:
        8:  195:    global->name = irCopyString(name);
        8:  196:    if (name != NULL && global->name == NULL) {
    #####:  197:        irGlobalFree(global);
    #####:  198:        irTypeFree(type);
    #####:  199:        irLiteralFree(initializer);
    #####:  200:        return NULL;
        -:  201:    }
        -:  202:
        8:  203:    global->id = id;
        8:  204:    global->type = type;
        8:  205:    global->initializer = initializer;
        8:  206:    return global;
        -:  207:}
        -:  208:
        8:  209:void irGlobalFree(IRGlobal *global) {
        8:  210:    if (global == NULL) {
    #####:  211:        return;
        -:  212:    }
        -:  213:
        8:  214:    free(global->name);
        8:  215:    irTypeFree(global->type);
        8:  216:    irLiteralFree(global->initializer);
        8:  217:    free(global);
        -:  218:}
        -:  219:
       12:  220:IRModule *irModuleCreate(void) {
       12:  221:    IRModule *module = calloc(1, sizeof(IRModule));
        -:  222:
       12:  223:    if (module == NULL) {
    #####:  224:        return NULL;
        -:  225:    }
        -:  226:
       12:  227:    module->global_scope = irScopeCreate(NULL);
       12:  228:    if (module->global_scope == NULL) {
    #####:  229:        irModuleFree(module);
    #####:  230:        return NULL;
        -:  231:    }
        -:  232:
       12:  233:    return module;
        -:  234:}
        -:  235:
        8:  236:bool irModuleAppendGlobal(IRModule *module, IRGlobal *global) {
        8:  237:    if (module == NULL || global == NULL) {
    #####:  238:        return false;
        -:  239:    }
        -:  240:
        8:  241:    if (module->global_count == module->global_capacity) {
        4:  242:        if (!irGrowPointerArray((void ***) &module->global_items, &module->global_capacity, sizeof(IRGlobal *))) {
    #####:  243:            return false;
        -:  244:        }
        -:  245:    }
        -:  246:
        8:  247:    module->global_items[module->global_count++] = global;
        8:  248:    return true;
        -:  249:}
        -:  250:
       12:  251:bool irModuleAppendFunction(IRModule *module, IRFunction *function) {
       12:  252:    if (module == NULL || function == NULL) {
    #####:  253:        return false;
        -:  254:    }
        -:  255:
       12:  256:    if (module->function_count == module->function_capacity) {
       11:  257:        if (!irGrowPointerArray((void ***) &module->functions, &module->function_capacity, sizeof(IRFunction *))) {
    #####:  258:            return false;
        -:  259:        }
        -:  260:    }
        -:  261:
       12:  262:    module->functions[module->function_count++] = function;
       12:  263:    return true;
        -:  264:}
        -:  265:
       24:  266:void irModuleFree(IRModule *module) {
        -:  267:    size_t i;
        -:  268:
       24:  269:    if (module == NULL) {
       12:  270:        return;
        -:  271:    }
        -:  272:
       20:  273:    for (i = 0; i < module->global_count; i++) {
        8:  274:        irGlobalFree(module->global_items[i]);
        -:  275:    }
       24:  276:    for (i = 0; i < module->function_count; i++) {
       12:  277:        irFunctionFree(module->functions[i]);
        -:  278:    }
        -:  279:
       12:  280:    free(module->global_items);
       12:  281:    free(module->functions);
       12:  282:    irScopeFree(module->global_scope);
       12:  283:    free(module);
        -:  284:}
        -:  285:
       12:  286:IRBuilder *irBuilderCreate(AstNode *program, const SemanticResult *semantic) {
       12:  287:    IRBuilder *builder = calloc(1, sizeof(IRBuilder));
        -:  288:
       12:  289:    if (builder == NULL) {
    #####:  290:        return NULL;
        -:  291:    }
        -:  292:
       12:  293:    builder->program = program;
       12:  294:    builder->semantic = semantic;
       12:  295:    builder->module = irModuleCreate();
       12:  296:    if (builder->module == NULL) {
    #####:  297:        free(builder);
    #####:  298:        return NULL;
        -:  299:    }
        -:  300:
       12:  301:    return builder;
        -:  302:}
        -:  303:
       12:  304:void irBuilderFree(IRBuilder *builder) {
       12:  305:    if (builder == NULL) {
    #####:  306:        return;
        -:  307:    }
        -:  308:
       12:  309:    irModuleFree(builder->module);
       12:  310:    free(builder);
        -:  311:}
