        -:    0:Source:ir/ir_printer.c
        -:    1:#define _GNU_SOURCE
        -:    2:
        -:    3:#include "ir.h"
        -:    4:
        -:    5:#include <stdio.h>
        -:    6:#include <stdlib.h>
        -:    7:#include <string.h>
        -:    8:
       15:    9:static IRGlobal *irPrinterFindGlobalById(const IRModule *module, unsigned int global_id) {
        -:   10:    size_t i;
        -:   11:
       21:   12:    for (i = 0; i < module->global_count; i++) {
       21:   13:        if (module->global_items[i]->id == global_id) {
       15:   14:            return module->global_items[i];
        -:   15:        }
        -:   16:    }
        -:   17:
    #####:   18:    return NULL;
        -:   19:}
        -:   20:
       10:   21:static void irPrintEscapedString(FILE *out, const char *value) {
       10:   22:    const unsigned char *cursor = (const unsigned char *) value;
        -:   23:
       66:   24:    while (*cursor != '\0') {
       56:   25:        if (*cursor == '\\') {
       10:   26:            fputs("\\5C", out);
       46:   27:        } else if (*cursor == '"') {
        2:   28:            fputs("\\22", out);
       44:   29:        } else if (*cursor == '\n') {
    #####:   30:            fputs("\\0A", out);
       44:   31:        } else if (*cursor == '\t') {
    #####:   32:            fputs("\\09", out);
       44:   33:        } else if (*cursor < 32 || *cursor > 126) {
    #####:   34:            fprintf(out, "\\%02X", *cursor);
        -:   35:        } else {
       44:   36:            fputc(*cursor, out);
        -:   37:        }
       56:   38:        cursor++;
        -:   39:    }
       10:   40:}
        -:   41:
      679:   42:static void irPrintType(FILE *out, const IRType *type) {
      679:   43:    if (type == NULL) {
    #####:   44:        fputs("void", out);
    #####:   45:        return;
        -:   46:    }
        -:   47:
      679:   48:    switch (type->kind) {
       63:   49:        case IR_TYPE_VOID:
       63:   50:            fputs("void", out);
       63:   51:            break;
      384:   52:        case IR_TYPE_INT:
      384:   53:            fputs("i32", out);
      384:   54:            break;
        5:   55:        case IR_TYPE_FLOAT:
        5:   56:            fputs("double", out);
        5:   57:            break;
       22:   58:        case IR_TYPE_CHAR:
       22:   59:            fputs("i8", out);
       22:   60:            break;
       17:   61:        case IR_TYPE_BOOL:
       17:   62:            fputs("i1", out);
       17:   63:            break;
       29:   64:        case IR_TYPE_STRING:
       29:   65:            fputs("i8*", out);
       29:   66:            break;
       45:   67:        case IR_TYPE_ARRAY:
      45*:   68:            fprintf(out, "[%zu x ", type->has_array_size ? type->array_size : 0UL);
       45:   69:            irPrintType(out, type->element_type);
       45:   70:            fputc(']', out);
       45:   71:            break;
      114:   72:        case IR_TYPE_POINTER:
      114:   73:            irPrintType(out, type->element_type);
      114:   74:            fputc('*', out);
      114:   75:            break;
        -:   76:    }
        -:   77:}
        -:   78:
    #####:   79:static void irPrintZeroValue(FILE *out, const IRType *type) {
    #####:   80:    switch (type->kind) {
    #####:   81:        case IR_TYPE_FLOAT:
    #####:   82:            fputs("0.0", out);
    #####:   83:            break;
    #####:   84:        case IR_TYPE_BOOL:
        -:   85:        case IR_TYPE_CHAR:
        -:   86:        case IR_TYPE_INT:
    #####:   87:            fputs("0", out);
    #####:   88:            break;
    #####:   89:        case IR_TYPE_STRING:
        -:   90:        case IR_TYPE_POINTER:
    #####:   91:            fputs("null", out);
    #####:   92:            break;
    #####:   93:        case IR_TYPE_ARRAY:
    #####:   94:            fputs("zeroinitializer", out);
    #####:   95:            break;
    #####:   96:        case IR_TYPE_VOID:
    #####:   97:            break;
        -:   98:    }
    #####:   99:}
        -:  100:
      292:  101:static void irPrintOperand(FILE *out, const IRModule *module, const IROperand *operand) {
      292:  102:    if (operand == NULL) {
    #####:  103:        return;
        -:  104:    }
        -:  105:
      292:  106:    switch (operand->kind) {
      179:  107:        case IR_OPERAND_LOCAL:
      179:  108:            fprintf(out, "%%t%u", operand->data.local_id);
      179:  109:            break;
       13:  110:        case IR_OPERAND_PARAM:
       13:  111:            fprintf(out, "%%p%u", operand->data.param_id);
       13:  112:            break;
       15:  113:        case IR_OPERAND_GLOBAL:
        -:  114:        {
      15*:  115:            IRGlobal *global = module != NULL ? irPrinterFindGlobalById(module, operand->data.global_id) : NULL;
      15*:  116:            fprintf(out, "@%s", global != NULL ? global->name : "g");
       15:  117:            break;
        -:  118:        }
       85:  119:        case IR_OPERAND_LITERAL:
       85:  120:            switch (operand->data.literal->kind) {
       85:  121:                case IR_LITERAL_INT:
       85:  122:                    fprintf(out, "%ld", operand->data.literal->data.int_value);
       85:  123:                    break;
    #####:  124:                case IR_LITERAL_FLOAT:
    #####:  125:                    fprintf(out, "%f", operand->data.literal->data.float_value);
    #####:  126:                    break;
    #####:  127:                case IR_LITERAL_STRING:
    #####:  128:                    fputs("null", out);
    #####:  129:                    break;
    #####:  130:                case IR_LITERAL_BOOL:
    #####:  131:                    fprintf(out, "%d", operand->data.literal->data.bool_value ? 1 : 0);
    #####:  132:                    break;
        -:  133:            }
       85:  134:            break;
    #####:  135:        case IR_OPERAND_BLOCK:
    #####:  136:            fprintf(out, "%%bb%u", operand->data.block_id);
    #####:  137:            break;
        -:  138:    }
        -:  139:}
        -:  140:
       17:  141:static void irPrintGlobal(FILE *out, const IRModule *module, const IRGlobal *global) {
       17:  142:    if (global->is_constant) {
       10:  143:        fprintf(out, "@%s = private unnamed_addr constant ", global->name);
       10:  144:        irPrintType(out, global->type);
       10:  145:        fputs(" c\"", out);
      10*:  146:        irPrintEscapedString(out, global->initializer != NULL ? global->initializer->data.string_value : "");
       10:  147:        fputs("\\00\"\n", out);
       10:  148:        return;
        -:  149:    }
        -:  150:
        7:  151:    fprintf(out, "@%s = global ", global->name);
        7:  152:    irPrintType(out, global->type);
        7:  153:    fputc(' ', out);
        -:  154:
       7*:  155:    if (global->type != NULL && global->type->kind == IR_TYPE_STRING && global->initializer != NULL && global->initializer->kind == IR_LITERAL_STRING && global->has_storage_global) {
    #####:  156:        IRGlobal *storage = irPrinterFindGlobalById(module, global->storage_global_id);
        -:  157:
    #####:  158:        fputs("getelementptr inbounds (", out);
    #####:  159:        irPrintType(out, storage->type);
    #####:  160:        fputs(", ", out);
    #####:  161:        irPrintType(out, storage->type);
    #####:  162:        fprintf(out, "* @%s, i32 0, i32 0)\n", storage->name);
    #####:  163:        return;
        -:  164:    }
        -:  165:
        7:  166:    if (global->initializer == NULL) {
    #####:  167:        irPrintZeroValue(out, global->type);
    #####:  168:        fputc('\n', out);
    #####:  169:        return;
        -:  170:    }
        -:  171:
        7:  172:    switch (global->initializer->kind) {
        3:  173:        case IR_LITERAL_INT:
        3:  174:            fprintf(out, "%ld\n", global->initializer->data.int_value);
        3:  175:            break;
        1:  176:        case IR_LITERAL_FLOAT:
        1:  177:            fprintf(out, "%f\n", global->initializer->data.float_value);
        1:  178:            break;
        3:  179:        case IR_LITERAL_BOOL:
        3:  180:            fprintf(out, "%d\n", global->initializer->data.bool_value ? 1 : 0);
        3:  181:            break;
    #####:  182:        case IR_LITERAL_STRING:
    #####:  183:            fputs("null\n", out);
    #####:  184:            break;
        -:  185:    }
        -:  186:}
        -:  187:
      238:  188:static void irPrintInstruction(FILE *out, const IRModule *module, const IRInstruction *instruction) {
      238:  189:    switch (instruction->kind) {
       28:  190:        case IR_INSTR_ALLOCA:
       28:  191:            fprintf(out, "  %%t%u = alloca ", instruction->result_id);
       28:  192:            irPrintType(out, instruction->data.alloca.allocated_type);
       28:  193:            fputc('\n', out);
       28:  194:            break;
       50:  195:        case IR_INSTR_LOAD:
       50:  196:            fprintf(out, "  %%t%u = load ", instruction->result_id);
       50:  197:            irPrintType(out, instruction->result_type);
       50:  198:            fputs(", ", out);
       50:  199:            irPrintType(out, instruction->data.load.address.type);
       50:  200:            fputc(' ', out);
       50:  201:            irPrintOperand(out, module, &instruction->data.load.address);
       50:  202:            fputc('\n', out);
       50:  203:            break;
       44:  204:        case IR_INSTR_STORE:
       44:  205:            fputs("  store ", out);
       44:  206:            irPrintType(out, instruction->data.store.value.type);
       44:  207:            fputc(' ', out);
       44:  208:            irPrintOperand(out, module, &instruction->data.store.value);
       44:  209:            fputs(", ", out);
       44:  210:            irPrintType(out, instruction->data.store.address.type);
       44:  211:            fputc(' ', out);
       44:  212:            irPrintOperand(out, module, &instruction->data.store.address);
       44:  213:            fputc('\n', out);
       44:  214:            break;
       27:  215:        case IR_INSTR_ADD:
        -:  216:        case IR_INSTR_SUB:
        -:  217:        case IR_INSTR_MUL:
        -:  218:        case IR_INSTR_DIV:
        -:  219:        case IR_INSTR_CMP_LT:
        -:  220:        case IR_INSTR_CMP_LE:
        -:  221:        case IR_INSTR_CMP_GT:
       27:  222:            if (instruction->kind == IR_INSTR_CMP_GT || instruction->kind == IR_INSTR_CMP_LT || instruction->kind == IR_INSTR_CMP_LE) {
        7:  223:                fprintf(out, "  %%t%u = ", instruction->result_id);
        7:  224:                fputs(
        7:  225:                    instruction->kind == IR_INSTR_CMP_GT ? "icmp sgt " :
        4:  226:                    instruction->kind == IR_INSTR_CMP_LT ? "icmp slt " :
        -:  227:                    "icmp sle ",
        -:  228:                    out
        -:  229:                );
        7:  230:                irPrintType(out, instruction->data.binary.left.type);
        -:  231:            } else {
       20:  232:                fprintf(out, "  %%t%u = %s ", instruction->result_id,
       20:  233:                    instruction->kind == IR_INSTR_ADD ? "add" :
        5:  234:                    instruction->kind == IR_INSTR_SUB ? "sub" :
        2:  235:                    instruction->kind == IR_INSTR_MUL ? "mul" : "sdiv");
       20:  236:                irPrintType(out, instruction->result_type);
        -:  237:            }
       27:  238:            fputc(' ', out);
       27:  239:            irPrintOperand(out, module, &instruction->data.binary.left);
       27:  240:            fputs(", ", out);
       27:  241:            irPrintOperand(out, module, &instruction->data.binary.right);
       27:  242:            fputc('\n', out);
       27:  243:            break;
       16:  244:        case IR_INSTR_GEP:
       16:  245:            fprintf(out, "  %%t%u = getelementptr inbounds ", instruction->result_id);
       16:  246:            irPrintType(out, instruction->data.gep.base.type->element_type);
       16:  247:            fputs(", ", out);
       16:  248:            irPrintType(out, instruction->data.gep.base.type);
       16:  249:            fputc(' ', out);
       16:  250:            irPrintOperand(out, module, &instruction->data.gep.base);
       48:  251:            for (size_t i = 0; i < instruction->data.gep.index_count; i++) {
       32:  252:                fputs(", ", out);
       32:  253:                irPrintType(out, instruction->data.gep.indices[i].type);
       32:  254:                fputc(' ', out);
       32:  255:                irPrintOperand(out, module, &instruction->data.gep.indices[i]);
        -:  256:            }
       16:  257:            fputc('\n', out);
       16:  258:            break;
       14:  259:        case IR_INSTR_BR:
       14:  260:            fprintf(out, "  br label %%bb%u\n", instruction->data.br.target_block_id);
       14:  261:            break;
       10:  262:        case IR_INSTR_COND_BR:
       10:  263:            fputs("  br i1 ", out);
       10:  264:            irPrintOperand(out, module, &instruction->data.cond_br.condition);
       10:  265:            fprintf(out, ", label %%bb%u, label %%bb%u\n", instruction->data.cond_br.then_block_id, instruction->data.cond_br.else_block_id);
       10:  266:            break;
       11:  267:        case IR_INSTR_CALL:
       11:  268:            fputs("  ", out);
       11:  269:            if (instruction->has_result) {
        3:  270:                fprintf(out, "%%t%u = ", instruction->result_id);
        -:  271:            }
       11:  272:            fputs("call ", out);
       11:  273:            if (instruction->has_result) {
        3:  274:                irPrintType(out, instruction->result_type);
        -:  275:            } else {
        8:  276:                fputs("void", out);
        -:  277:            }
       11:  278:            fprintf(out, " @%s(", instruction->data.call.callee);
       24:  279:            for (size_t i = 0; i < instruction->data.call.arg_count; i++) {
       13:  280:                if (i > 0) {
        2:  281:                    fputs(", ", out);
        -:  282:                }
       13:  283:                irPrintType(out, instruction->data.call.args[i].type);
       13:  284:                fputc(' ', out);
       13:  285:                irPrintOperand(out, module, &instruction->data.call.args[i]);
        -:  286:            }
       11:  287:            fputs(")\n", out);
       11:  288:            break;
       38:  289:        case IR_INSTR_RET:
       38:  290:            if (!instruction->data.ret.has_value) {
        9:  291:                fputs("  ret void\n", out);
        -:  292:            } else {
       29:  293:                fputs("  ret ", out);
       29:  294:                irPrintType(out, instruction->data.ret.value.type);
       29:  295:                fputc(' ', out);
       29:  296:                irPrintOperand(out, module, &instruction->data.ret.value);
       29:  297:                fputc('\n', out);
        -:  298:            }
       38:  299:            break;
    #####:  300:        default:
    #####:  301:            break;
        -:  302:    }
      238:  303:}
        -:  304:
       30:  305:static void irPrintFunction(FILE *out, const IRModule *module, const IRFunction *function) {
        -:  306:    size_t i;
        -:  307:    size_t j;
        -:  308:
       30:  309:    fputs("define ", out);
       30:  310:    irPrintType(out, function->return_type);
       30:  311:    fprintf(out, " @%s(", function->name);
       43:  312:    for (i = 0; i < function->param_count; i++) {
       13:  313:        if (i > 0) {
        6:  314:            fputs(", ", out);
        -:  315:        }
       13:  316:        irPrintType(out, function->params[i].type);
       13:  317:        fprintf(out, " %%p%zu", i + 1);
        -:  318:    }
       30:  319:    fputs(") {\n", out);
        -:  320:
       30:  321:    if (function->block_count == 0) {
    #####:  322:        fputs("bb0:\n", out);
    #####:  323:        if (function->return_type != NULL && function->return_type->kind == IR_TYPE_VOID) {
    #####:  324:            fputs("  ret void\n", out);
        -:  325:        } else {
    #####:  326:            fputs("  ret ", out);
    #####:  327:            irPrintType(out, function->return_type);
    #####:  328:            fputc(' ', out);
    #####:  329:            irPrintZeroValue(out, function->return_type);
    #####:  330:            fputc('\n', out);
        -:  331:        }
    #####:  332:        fputs("}\n", out);
    #####:  333:        return;
        -:  334:    }
        -:  335:
       92:  336:    for (i = 0; i < function->block_count; i++) {
       62:  337:        fprintf(out, "bb%u:\n", function->blocks[i]->id);
      300:  338:        for (j = 0; j < function->blocks[i]->instruction_count; j++) {
      238:  339:            irPrintInstruction(out, module, function->blocks[i]->instructions[j]);
        -:  340:        }
        -:  341:    }
       30:  342:    fputs("}\n", out);
        -:  343:}
        -:  344:
       84:  345:static bool irPrinterHasFunctionDefinition(const IRModule *module, const char *name) {
        -:  346:    size_t i;
        -:  347:
      147:  348:    for (i = 0; i < module->function_count; i++) {
       93:  349:        if (strcmp(module->functions[i]->name, name) == 0) {
       30:  350:            return true;
        -:  351:        }
        -:  352:    }
        -:  353:
       54:  354:    return false;
        -:  355:}
        -:  356:
       27:  357:static bool irPrintExternalDeclarations(FILE *out, const IRModule *module) {
        -:  358:    size_t i;
       27:  359:    bool printed = false;
        -:  360:
       27:  361:    if (module == NULL || module->global_scope == NULL || module->global_scope->symbols == NULL) {
    #####:  362:        return false;
        -:  363:    }
        -:  364:
     1755:  365:    for (i = 0; i < module->global_scope->symbols->bucket_count; i++) {
     1728:  366:        IRSymbol *symbol = module->global_scope->symbols->buckets[i];
     1819:  367:        while (symbol != NULL) {
       91:  368:            if (symbol->kind == IR_SYMBOL_FUNCTION && !irPrinterHasFunctionDefinition(module, symbol->name)) {
        -:  369:                size_t j;
        -:  370:
       54:  371:                fputs("declare ", out);
       54:  372:                irPrintType(out, symbol->type);
       54:  373:                fprintf(out, " @%s(", symbol->name);
      108:  374:                for (j = 0; j < symbol->data.function.param_count; j++) {
       54:  375:                    if (j > 0) {
    #####:  376:                        fputs(", ", out);
        -:  377:                    }
       54:  378:                    irPrintType(out, symbol->data.function.param_types[j]);
        -:  379:                }
       54:  380:                fputs(")\n", out);
       54:  381:                printed = true;
        -:  382:            }
       91:  383:            symbol = symbol->next;
        -:  384:        }
        -:  385:    }
        -:  386:
       27:  387:    return printed;
        -:  388:}
        -:  389:
       27:  390:char *irPrintModuleToString(const IRModule *module) {
       27:  391:    char *buffer = NULL;
       27:  392:    size_t size = 0;
        -:  393:    FILE *stream;
        -:  394:    size_t i;
        -:  395:    bool has_external_declarations;
        -:  396:
       27:  397:    if (module == NULL) {
    #####:  398:        return NULL;
        -:  399:    }
        -:  400:
       27:  401:    stream = open_memstream(&buffer, &size);
       27:  402:    if (stream == NULL) {
    #####:  403:        return NULL;
        -:  404:    }
        -:  405:
       44:  406:    for (i = 0; i < module->global_count; i++) {
       17:  407:        irPrintGlobal(stream, module, module->global_items[i]);
        -:  408:    }
       27:  409:    has_external_declarations = irPrintExternalDeclarations(stream, module);
       27:  410:    if ((module->global_count > 0 || has_external_declarations) && module->function_count > 0) {
       27:  411:        fputc('\n', stream);
        -:  412:    }
       57:  413:    for (i = 0; i < module->function_count; i++) {
       30:  414:        irPrintFunction(stream, module, module->functions[i]);
       30:  415:        if (i + 1 < module->function_count) {
        3:  416:            fputc('\n', stream);
        -:  417:        }
        -:  418:    }
        -:  419:
       27:  420:    fclose(stream);
       27:  421:    return buffer;
        -:  422:}
        -:  423:
        1:  424:bool irPrintModuleToFile(const IRModule *module, const char *path) {
        -:  425:    char *text;
        -:  426:    FILE *file;
        -:  427:    size_t length;
        -:  428:
        1:  429:    if (module == NULL || path == NULL) {
    #####:  430:        return false;
        -:  431:    }
        -:  432:
        1:  433:    text = irPrintModuleToString(module);
        1:  434:    if (text == NULL) {
    #####:  435:        return false;
        -:  436:    }
        -:  437:
        1:  438:    file = fopen(path, "w");
        1:  439:    if (file == NULL) {
    #####:  440:        free(text);
    #####:  441:        return false;
        -:  442:    }
        -:  443:
        1:  444:    length = strlen(text);
        1:  445:    if (fwrite(text, 1, length, file) != length) {
    #####:  446:        fclose(file);
    #####:  447:        free(text);
    #####:  448:        return false;
        -:  449:    }
        -:  450:
        1:  451:    fclose(file);
        1:  452:    free(text);
        1:  453:    return true;
        -:  454:}
