        -:    0:Source:ir/ir_scope.c
        -:    1:#include "ir.h"
        -:    2:
        -:    3:#include <stdlib.h>
        -:    4:#include <string.h>
        -:    5:
        -:    6:static const size_t IR_DEFAULT_BUCKET_COUNT = 64;
        -:    7:
       49:    8:static char *irCopyString(const char *value) {
        -:    9:    char *copy;
        -:   10:    size_t length;
        -:   11:
       49:   12:    if (value == NULL) {
    #####:   13:        return NULL;
        -:   14:    }
        -:   15:
       49:   16:    length = strlen(value);
       49:   17:    copy = malloc(length + 1);
       49:   18:    if (copy == NULL) {
    #####:   19:        return NULL;
        -:   20:    }
        -:   21:
       49:   22:    memcpy(copy, value, length + 1);
       49:   23:    return copy;
        -:   24:}
        -:   25:
      136:   26:static size_t irHashName(const char *name, size_t bucket_count) {
      136:   27:    size_t hash = 5381;
        -:   28:
      830:   29:    while (*name != '\0') {
      694:   30:        hash = ((hash << 5) + hash) + (unsigned char) *name;
      694:   31:        name++;
        -:   32:    }
        -:   33:
      136:   34:    return hash % bucket_count;
        -:   35:}
        -:   36:
        3:   37:IRSymbol *irSymbolCreateGlobal(const char *name, IRType *type, unsigned int global_id) {
        3:   38:    IRSymbol *symbol = calloc(1, sizeof(IRSymbol));
        -:   39:
        3:   40:    if (symbol == NULL) {
    #####:   41:        irTypeFree(type);
    #####:   42:        return NULL;
        -:   43:    }
        -:   44:
        3:   45:    symbol->name = irCopyString(name);
        3:   46:    if (name != NULL && symbol->name == NULL) {
    #####:   47:        irTypeFree(type);
    #####:   48:        free(symbol);
    #####:   49:        return NULL;
        -:   50:    }
        -:   51:
        3:   52:    symbol->kind = IR_SYMBOL_GLOBAL;
        3:   53:    symbol->type = type;
        3:   54:    symbol->data.global_id = global_id;
        3:   55:    return symbol;
        -:   56:}
        -:   57:
       10:   58:IRSymbol *irSymbolCreateLocal(const char *name, IRType *type, unsigned int local_id) {
       10:   59:    IRSymbol *symbol = calloc(1, sizeof(IRSymbol));
        -:   60:
       10:   61:    if (symbol == NULL) {
    #####:   62:        irTypeFree(type);
    #####:   63:        return NULL;
        -:   64:    }
        -:   65:
       10:   66:    symbol->name = irCopyString(name);
       10:   67:    if (name != NULL && symbol->name == NULL) {
    #####:   68:        irTypeFree(type);
    #####:   69:        free(symbol);
    #####:   70:        return NULL;
        -:   71:    }
        -:   72:
       10:   73:    symbol->kind = IR_SYMBOL_LOCAL;
       10:   74:    symbol->type = type;
       10:   75:    symbol->data.local_id = local_id;
       10:   76:    return symbol;
        -:   77:}
        -:   78:
       36:   79:IRSymbol *irSymbolCreateFunction(const char *name, IRType *return_type, IRType **param_types, size_t param_count) {
       36:   80:    IRSymbol *symbol = calloc(1, sizeof(IRSymbol));
        -:   81:    size_t i;
        -:   82:
       36:   83:    if (symbol == NULL) {
    #####:   84:        irTypeFree(return_type);
    #####:   85:        return NULL;
        -:   86:    }
        -:   87:
       36:   88:    symbol->name = irCopyString(name);
       36:   89:    if (name != NULL && symbol->name == NULL) {
    #####:   90:        irTypeFree(return_type);
    #####:   91:        free(symbol);
    #####:   92:        return NULL;
        -:   93:    }
        -:   94:
       36:   95:    symbol->kind = IR_SYMBOL_FUNCTION;
       36:   96:    symbol->type = return_type;
       36:   97:    symbol->data.function.param_count = param_count;
       36:   98:    symbol->data.function.return_type = irTypeClone(return_type);
       36:   99:    if (symbol->data.function.return_type == NULL) {
    #####:  100:        irSymbolFree(symbol);
    #####:  101:        return NULL;
        -:  102:    }
        -:  103:
       36:  104:    if (param_count > 0) {
       26:  105:        symbol->data.function.param_types = calloc(param_count, sizeof(IRType *));
       26:  106:        if (symbol->data.function.param_types == NULL) {
    #####:  107:            irSymbolFree(symbol);
    #####:  108:            return NULL;
        -:  109:        }
        -:  110:    }
        -:  111:
       64:  112:    for (i = 0; i < param_count; i++) {
       28:  113:        symbol->data.function.param_types[i] = irTypeClone(param_types[i]);
       28:  114:        if (param_types[i] != NULL && symbol->data.function.param_types[i] == NULL) {
    #####:  115:            irSymbolFree(symbol);
    #####:  116:            return NULL;
        -:  117:        }
        -:  118:    }
        -:  119:
       36:  120:    return symbol;
        -:  121:}
        -:  122:
       49:  123:void irSymbolFree(IRSymbol *symbol) {
        -:  124:    size_t i;
        -:  125:
       49:  126:    if (symbol == NULL) {
    #####:  127:        return;
        -:  128:    }
        -:  129:
       49:  130:    free(symbol->name);
       49:  131:    irTypeFree(symbol->type);
       49:  132:    if (symbol->kind == IR_SYMBOL_FUNCTION) {
       36:  133:        irTypeFree(symbol->data.function.return_type);
       64:  134:        for (i = 0; i < symbol->data.function.param_count; i++) {
       28:  135:            irTypeFree(symbol->data.function.param_types[i]);
        -:  136:        }
       36:  137:        free(symbol->data.function.param_types);
        -:  138:    }
       49:  139:    free(symbol);
        -:  140:}
        -:  141:
       25:  142:IRSymbolTable *irSymbolTableCreate(size_t bucket_count) {
       25:  143:    IRSymbolTable *table = calloc(1, sizeof(IRSymbolTable));
        -:  144:
       25:  145:    if (table == NULL) {
    #####:  146:        return NULL;
        -:  147:    }
        -:  148:
      25*:  149:    table->bucket_count = bucket_count == 0 ? IR_DEFAULT_BUCKET_COUNT : bucket_count;
       25:  150:    table->buckets = calloc(table->bucket_count, sizeof(IRSymbol *));
       25:  151:    if (table->buckets == NULL) {
    #####:  152:        free(table);
    #####:  153:        return NULL;
        -:  154:    }
        -:  155:
       25:  156:    return table;
        -:  157:}
        -:  158:
       25:  159:void irSymbolTableFree(IRSymbolTable *table) {
        -:  160:    size_t i;
        -:  161:
       25:  162:    if (table == NULL) {
    #####:  163:        return;
        -:  164:    }
        -:  165:
     1625:  166:    for (i = 0; i < table->bucket_count; i++) {
     1600:  167:        IRSymbol *current = table->buckets[i];
     1649:  168:        while (current != NULL) {
       49:  169:            IRSymbol *next = current->next;
       49:  170:            irSymbolFree(current);
       49:  171:            current = next;
        -:  172:        }
        -:  173:    }
        -:  174:
       25:  175:    free(table->buckets);
       25:  176:    free(table);
        -:  177:}
        -:  178:
       87:  179:IRSymbol *irSymbolTableLookupCurrent(IRSymbolTable *table, const char *name) {
        -:  180:    IRSymbol *current;
        -:  181:    size_t index;
        -:  182:
       87:  183:    if (table == NULL || name == NULL) {
    #####:  184:        return NULL;
        -:  185:    }
        -:  186:
       87:  187:    index = irHashName(name, table->bucket_count);
       87:  188:    current = table->buckets[index];
       87:  189:    while (current != NULL) {
       32:  190:        if (strcmp(current->name, name) == 0) {
       32:  191:            return current;
        -:  192:        }
    #####:  193:        current = current->next;
        -:  194:    }
        -:  195:
       55:  196:    return NULL;
        -:  197:}
        -:  198:
       49:  199:bool irSymbolTableDeclare(IRSymbolTable *table, IRSymbol *symbol) {
        -:  200:    size_t index;
        -:  201:
       49:  202:    if (table == NULL || symbol == NULL) {
    #####:  203:        return false;
        -:  204:    }
        -:  205:
       49:  206:    if (irSymbolTableLookupCurrent(table, symbol->name) != NULL) {
    #####:  207:        return false;
        -:  208:    }
        -:  209:
       49:  210:    index = irHashName(symbol->name, table->bucket_count);
       49:  211:    symbol->next = table->buckets[index];
       49:  212:    table->buckets[index] = symbol;
       49:  213:    return true;
        -:  214:}
        -:  215:
       25:  216:IRScope *irScopeCreate(IRScope *parent) {
       25:  217:    IRScope *scope = calloc(1, sizeof(IRScope));
        -:  218:
       25:  219:    if (scope == NULL) {
    #####:  220:        return NULL;
        -:  221:    }
        -:  222:
       25:  223:    scope->parent = parent;
       25:  224:    scope->symbols = irSymbolTableCreate(IR_DEFAULT_BUCKET_COUNT);
       25:  225:    if (scope->symbols == NULL) {
    #####:  226:        free(scope);
    #####:  227:        return NULL;
        -:  228:    }
        -:  229:
       25:  230:    return scope;
        -:  231:}
        -:  232:
       25:  233:void irScopeFree(IRScope *scope) {
       25:  234:    if (scope == NULL) {
    #####:  235:        return;
        -:  236:    }
        -:  237:
       25:  238:    irSymbolTableFree(scope->symbols);
       25:  239:    free(scope);
        -:  240:}
        -:  241:
       38:  242:IRSymbol *irScopeLookupCurrent(IRScope *scope, const char *name) {
       38:  243:    if (scope == NULL) {
    #####:  244:        return NULL;
        -:  245:    }
        -:  246:
       38:  247:    return irSymbolTableLookupCurrent(scope->symbols, name);
        -:  248:}
        -:  249:
       32:  250:IRSymbol *irScopeLookup(IRScope *scope, const char *name) {
       38:  251:    while (scope != NULL) {
       38:  252:        IRSymbol *symbol = irScopeLookupCurrent(scope, name);
       38:  253:        if (symbol != NULL) {
       32:  254:            return symbol;
        -:  255:        }
        6:  256:        scope = scope->parent;
        -:  257:    }
        -:  258:
    #####:  259:    return NULL;
        -:  260:}
        -:  261:
       49:  262:bool irScopeDeclare(IRScope *scope, IRSymbol *symbol) {
       49:  263:    if (scope == NULL) {
    #####:  264:        return false;
        -:  265:    }
        -:  266:
       49:  267:    return irSymbolTableDeclare(scope->symbols, symbol);
        -:  268:}
