        -:    0:Source:semantic/scope.c
        -:    1:#include "scope.h"
        -:    2:
        -:    3:#include <stdlib.h>
        -:    4:#include <string.h>
        -:    5:
      823:    6:static size_t hashName(const char *name, size_t bucketCount) {
      823:    7:    size_t hash = 5381;
        -:    8:
     5550:    9:    while (*name != '\0') {
     4727:   10:        hash = ((hash << 5) + hash) + (unsigned char) *name;
     4727:   11:        name++;
        -:   12:    }
        -:   13:
      823:   14:    return hash % bucketCount;
        -:   15:}
        -:   16:
      346:   17:static char *copyName(const char *name) {
      346:   18:    size_t length = strlen(name);
      346:   19:    char *copy = malloc(length + 1);
        -:   20:
      346:   21:    if (copy == NULL) {
    #####:   22:        return NULL;
        -:   23:    }
        -:   24:
      346:   25:    memcpy(copy, name, length + 1);
      346:   26:    return copy;
        -:   27:}
        -:   28:
      278:   29:Scope *scopeCreate(Scope *parent) {
      278:   30:    Scope *scope = calloc(1, sizeof(Scope));
        -:   31:
      278:   32:    if (scope == NULL) {
    #####:   33:        return NULL;
        -:   34:    }
        -:   35:
      278:   36:    scope->bucket_count = 64;
      278:   37:    scope->buckets = calloc(scope->bucket_count, sizeof(Symbol *));
      278:   38:    if (scope->buckets == NULL) {
    #####:   39:        free(scope);
    #####:   40:        return NULL;
        -:   41:    }
        -:   42:
      278:   43:    scope->parent = parent;
      278:   44:    return scope;
        -:   45:}
        -:   46:
      346:   47:void symbolFree(Symbol *symbol) {
        -:   48:    size_t i;
        -:   49:
      346:   50:    if (symbol == NULL) {
    #####:   51:        return;
        -:   52:    }
        -:   53:
      346:   54:    free(symbol->name);
      346:   55:    semanticTypeFree(symbol->type);
      554:   56:    for (i = 0; i < symbol->param_count; i++) {
      208:   57:        semanticTypeFree(symbol->params[i]);
        -:   58:    }
      346:   59:    free(symbol->params);
      346:   60:    free(symbol);
        -:   61:}
        -:   62:
      278:   63:void scopeFree(Scope *scope) {
        -:   64:    size_t i;
        -:   65:
      278:   66:    if (scope == NULL) {
    #####:   67:        return;
        -:   68:    }
        -:   69:
    18070:   70:    for (i = 0; i < scope->bucket_count; i++) {
    17792:   71:        Symbol *current = scope->buckets[i];
    18134:   72:        while (current != NULL) {
      342:   73:            Symbol *next = current->next;
      342:   74:            symbolFree(current);
      342:   75:            current = next;
        -:   76:        }
        -:   77:    }
        -:   78:
      278:   79:    free(scope->buckets);
      278:   80:    free(scope);
        -:   81:}
        -:   82:
      481:   83:Symbol *scopeLookupCurrent(Scope *scope, const char *name) {
        -:   84:    Symbol *current;
        -:   85:    size_t index;
        -:   86:
      481:   87:    if (scope == NULL) {
    #####:   88:        return NULL;
        -:   89:    }
        -:   90:
      481:   91:    index = hashName(name, scope->bucket_count);
      481:   92:    current = scope->buckets[index];
      481:   93:    while (current != NULL) {
       44:   94:        if (strcmp(current->name, name) == 0) {
       44:   95:            return current;
        -:   96:        }
    #####:   97:        current = current->next;
        -:   98:    }
        -:   99:
      437:  100:    return NULL;
        -:  101:}
        -:  102:
       43:  103:Symbol *scopeLookup(Scope *scope, const char *name) {
       97:  104:    while (scope != NULL) {
       92:  105:        Symbol *symbol = scopeLookupCurrent(scope, name);
       92:  106:        if (symbol != NULL) {
       38:  107:            return symbol;
        -:  108:        }
       54:  109:        scope = scope->parent;
        -:  110:    }
        -:  111:
        5:  112:    return NULL;
        -:  113:}
        -:  114:
      346:  115:bool scopeDeclare(Scope *scope, Symbol *symbol) {
        -:  116:    size_t index;
        -:  117:
      346:  118:    if (scope == NULL || symbol == NULL) {
    #####:  119:        return false;
        -:  120:    }
        -:  121:
      346:  122:    if (scopeLookupCurrent(scope, symbol->name) != NULL) {
        4:  123:        return false;
        -:  124:    }
        -:  125:
      342:  126:    index = hashName(symbol->name, scope->bucket_count);
      342:  127:    symbol->next = scope->buckets[index];
      342:  128:    scope->buckets[index] = symbol;
      342:  129:    return true;
        -:  130:}
        -:  131:
       82:  132:Symbol *symbolCreateVariable(const char *name, SemanticType *type) {
       82:  133:    Symbol *symbol = calloc(1, sizeof(Symbol));
        -:  134:
       82:  135:    if (symbol == NULL) {
    #####:  136:        semanticTypeFree(type);
    #####:  137:        return NULL;
        -:  138:    }
        -:  139:
       82:  140:    symbol->name = copyName(name);
       82:  141:    if (symbol->name == NULL) {
    #####:  142:        semanticTypeFree(type);
    #####:  143:        free(symbol);
    #####:  144:        return NULL;
        -:  145:    }
        -:  146:
       82:  147:    symbol->kind = SYMBOL_VARIABLE;
       82:  148:    symbol->type = type;
       82:  149:    return symbol;
        -:  150:}
        -:  151:
      264:  152:Symbol *symbolCreateFunction(const char *name, SemanticType *returnType, SemanticType **params, size_t param_count) {
      264:  153:    Symbol *symbol = calloc(1, sizeof(Symbol));
        -:  154:    size_t i;
        -:  155:
      264:  156:    if (symbol == NULL) {
    #####:  157:        semanticTypeFree(returnType);
    #####:  158:        return NULL;
        -:  159:    }
        -:  160:
      264:  161:    symbol->name = copyName(name);
      264:  162:    if (symbol->name == NULL) {
    #####:  163:        semanticTypeFree(returnType);
    #####:  164:        free(symbol);
    #####:  165:        return NULL;
        -:  166:    }
        -:  167:
      264:  168:    symbol->type = semanticTypeClone(returnType);
      264:  169:    semanticTypeFree(returnType);
      264:  170:    if (symbol->type == NULL) {
    #####:  171:        free(symbol->name);
    #####:  172:        free(symbol);
    #####:  173:        return NULL;
        -:  174:    }
        -:  175:
      264:  176:    if (param_count > 0) {
      200:  177:        symbol->params = calloc(param_count, sizeof(SemanticType *));
      200:  178:        if (symbol->params == NULL) {
    #####:  179:            semanticTypeFree(symbol->type);
    #####:  180:            free(symbol->name);
    #####:  181:            free(symbol);
    #####:  182:            return NULL;
        -:  183:        }
        -:  184:    }
        -:  185:
      472:  186:    for (i = 0; i < param_count; i++) {
      208:  187:        symbol->params[i] = semanticTypeClone(params[i]);
        -:  188:    }
        -:  189:
      264:  190:    symbol->kind = SYMBOL_FUNCTION;
      264:  191:    symbol->param_count = param_count;
      264:  192:    return symbol;
        -:  193:}
