        -:    0:Source:semantic/semantic.c
        -:    1:#include "semantic.h"
        -:    2:
        -:    3:#include <stdio.h>
        -:    4:#include <stdlib.h>
        -:    5:#include <string.h>
        -:    6:
        -:    7:static void collectSymbols(AstNode *node, Scope *scope, SemanticResult *result);
        -:    8:static void validateNode(AstNode *node, Scope *scope, SemanticResult *result);
        -:    9:static SemanticType *checkExpression(AstNode *node, Scope *scope, SemanticResult *result);
        -:   10:
        -:   11:typedef struct {
        -:   12:    const char *function_name;
        -:   13:    SemanticType *return_type;
        -:   14:    bool found_compatible_return;
        -:   15:} FunctionContext;
        -:   16:
        -:   17:static FunctionContext *currentFunctionContext = NULL;
        -:   18:static int currentLoopDepth = 0;
        -:   19:
       63:   20:static void appendCategorizedError(AstNode *node, SemanticResult *result, SemanticErrorKind kind, const char *message) {
       63:   21:    int line = 0;
       63:   22:    int column = 0;
        -:   23:
       63:   24:    if (node != NULL) {
       63:   25:        line = node->line;
       63:   26:        column = node->column;
        -:   27:    }
        -:   28:
       63:   29:    semanticErrorListAppend(&result->errors, kind, line, column, message);
       63:   30:}
        -:   31:
        8:   32:static void appendDuplicateDeclarationError(AstNode *node, SemanticResult *result, const char *name) {
        -:   33:    char message[256];
        -:   34:
        8:   35:    snprintf(message, sizeof(message), "duplicate declaration of '%s'", name);
        8:   36:    appendCategorizedError(node, result, SEMANTIC_ERROR_DECLARATION, message);
        8:   37:}
        -:   38:
      126:   39:static void collectBlock(AstNode *node, Scope *parentScope, SemanticResult *result) {
      126:   40:    Scope *blockScope = scopeCreate(parentScope);
        -:   41:    size_t i;
        -:   42:
      126:   43:    if (blockScope == NULL) {
    #####:   44:        return;
        -:   45:    }
        -:   46:
      304:   47:    for (i = 0; i < node->data.block.count; i++) {
      178:   48:        collectSymbols(node->data.block.items[i], blockScope, result); }
        -:   49:
      126:   50:    scopeFree(blockScope);
        -:   51:}
        -:   52:
      104:   53:static void collectFunction(AstNode *node, Scope *scope, SemanticResult *result) {
      104:   54:    SemanticType **params = NULL;
        -:   55:    SemanticType *returnType;
        -:   56:    Scope *functionScope;
        -:   57:    Symbol *symbol;
        -:   58:    size_t i;
        -:   59:
      104:   60:    if (node->data.func_decl.param_count > 0) {
       21:   61:        params = calloc(node->data.func_decl.param_count, sizeof(SemanticType *));
       21:   62:        if (params == NULL) {
    #####:   63:            return;
        -:   64:        }
        -:   65:    }
        -:   66:
      135:   67:    for (i = 0; i < node->data.func_decl.param_count; i++) {
       31:   68:        params[i] = semanticTypeFromAst(node->data.func_decl.params[i]->data.param.declared_type);
        -:   69:    }
        -:   70:
      104:   71:    returnType = semanticTypeFromAst(node->data.func_decl.return_type);
        -:   72:
      104:   73:    symbol = symbolCreateFunction(node->data.func_decl.name, returnType, params, node->data.func_decl.param_count);
      135:   74:    for (i = 0; i < node->data.func_decl.param_count; i++) {
       31:   75:        semanticTypeFree(params[i]);
        -:   76:    }
      104:   77:    free(params);
        -:   78:
      104:   79:    if (symbol == NULL) {
    #####:   80:        return;
        -:   81:    }
        -:   82:
      104:   83:    if (!scopeDeclare(scope, symbol)) {
        4:   84:        appendDuplicateDeclarationError(node, result, node->data.func_decl.name);
        4:   85:        symbolFree(symbol);
        -:   86:    }
        -:   87:
      104:   88:    functionScope = scopeCreate(scope);
      104:   89:    if (functionScope == NULL) {
    #####:   90:        return;
        -:   91:    }
        -:   92:
      135:   93:    for (i = 0; i < node->data.func_decl.param_count; i++) {
       31:   94:        AstNode *param = node->data.func_decl.params[i];
       31:   95:        Symbol *paramSymbol = symbolCreateVariable(
       31:   96:            param->data.param.name,
        -:   97:            semanticTypeFromAst(param->data.param.declared_type)
        -:   98:        );
        -:   99:
      31*:  100:        if (paramSymbol == NULL) {
    #####:  101:            continue;
        -:  102:        }
        -:  103:
       31:  104:        if (!scopeDeclare(functionScope, paramSymbol)) {
        2:  105:            appendDuplicateDeclarationError(param, result, param->data.param.name);
        2:  106:            symbolFree(paramSymbol);
        -:  107:        }
        -:  108:    }
        -:  109:
      104:  110:    collectSymbols(node->data.func_decl.body, functionScope, result);
      104:  111:    scopeFree(functionScope);
        -:  112:}
        -:  113:
       74:  114:static void collectVariable(AstNode *node, Scope *scope, SemanticResult *result) {
       74:  115:    Symbol *symbol = symbolCreateVariable(
       74:  116:        node->data.var_decl.name,
        -:  117:        semanticTypeFromAst(node->data.var_decl.declared_type)
        -:  118:    );
        -:  119:
       74:  120:    if (symbol == NULL) {
    #####:  121:        return;
        -:  122:    }
        -:  123:
       74:  124:    if (!scopeDeclare(scope, symbol)) {
        2:  125:        appendDuplicateDeclarationError(node, result, node->data.var_decl.name);
        2:  126:        symbolFree(symbol);
        -:  127:    }
        -:  128:}
        -:  129:
      568:  130:static void collectSymbols(AstNode *node, Scope *scope, SemanticResult *result) {
      568:  131:    if (node == NULL) {
       10:  132:        return;
        -:  133:    }
        -:  134:
      558:  135:    switch (node->type) {
      113:  136:        case AST_PROGRAM: {
        -:  137:            size_t i;
      254:  138:            for (i = 0; i < node->data.program.count; i++) {
      141:  139:                collectSymbols(node->data.program.items[i], scope, result);
        -:  140:            }
      113:  141:            return;
        -:  142:        }
      126:  143:        case AST_BLOCK:
      126:  144:            collectBlock(node, scope, result);
      126:  145:            return;
       74:  146:        case AST_VAR_DECL:
       74:  147:            collectVariable(node, scope, result);
       74:  148:            return;
       12:  149:        case AST_IF:
       12:  150:            collectSymbols(node->data.if_stmt.then_branch, scope, result);
       12:  151:            collectSymbols(node->data.if_stmt.else_branch, scope, result);
       12:  152:            return;
        4:  153:        case AST_WHILE:
        4:  154:            collectSymbols(node->data.while_stmt.body, scope, result);
        4:  155:            return;
        4:  156:        case AST_FOR:
        4:  157:            collectSymbols(node->data.for_stmt.body, scope, result);
        4:  158:            return;
      104:  159:        case AST_FUNC_DECL:
      104:  160:            collectFunction(node, scope, result);
      104:  161:            return;
      121:  162:        default:
      121:  163:            return;
        -:  164:    }
        -:  165:}
        -:  166:
        7:  167:static void appendInitializerTypeError(AstNode *node, SemanticResult *result, const char *name, const SemanticType *declaredType, const SemanticType *initializerType) {
        -:  168:    char message[256];
        -:  169:
        7:  170:    snprintf(
        -:  171:        message,
        -:  172:        sizeof(message),
        -:  173:        "cannot initialize variable '%s' of type %s with %s",
        -:  174:        name,
        -:  175:        semanticTypeName(declaredType),
        -:  176:        semanticTypeName(initializerType)
        -:  177:    );
        7:  178:    appendCategorizedError(node, result, SEMANTIC_ERROR_TYPE, message);
        7:  179:}
        -:  180:
        4:  181:static void appendUndeclaredVariableError(AstNode *node, SemanticResult *result, const char *name) {
        -:  182:    char message[256];
        -:  183:
        4:  184:    snprintf(message, sizeof(message), "use of undeclared variable '%s'", name);
        4:  185:    appendCategorizedError(node, result, SEMANTIC_ERROR_NAME, message);
        4:  186:}
        -:  187:
        4:  188:static void appendInvalidGlobalInitializerError(AstNode *node, SemanticResult *result, const char *name) {
        -:  189:    char message[256];
        -:  190:
        4:  191:    snprintf(message, sizeof(message), "global initializer for '%s' must be a literal", name);
        4:  192:    appendCategorizedError(node, result, SEMANTIC_ERROR_TYPE, message);
        4:  193:}
        -:  194:
       29:  195:static bool isAllowedGlobalInitializer(AstNode *node) {
       29:  196:    if (node == NULL) {
    #####:  197:        return true;
        -:  198:    }
        -:  199:
       29:  200:    switch (node->type) {
       25:  201:        case AST_INT_LITERAL:
        -:  202:        case AST_FLOAT_LITERAL:
        -:  203:        case AST_STRING_LITERAL:
        -:  204:        case AST_BOOL_LITERAL:
       25:  205:            return true;
        4:  206:        default:
        4:  207:            return false;
        -:  208:    }
        -:  209:}
        -:  210:
        2:  211:static void appendNumericOperandError(AstNode *node, SemanticResult *result, AstBinaryOp op) {
        2:  212:    const char *operatorName = "+";
        -:  213:
        2:  214:    switch (op) {
        2:  215:        case AST_BINARY_ADD:
        2:  216:            operatorName = "+";
        2:  217:            break;
    #####:  218:        case AST_BINARY_SUB:
    #####:  219:            operatorName = "-";
    #####:  220:            break;
    #####:  221:        case AST_BINARY_MUL:
    #####:  222:            operatorName = "*";
    #####:  223:            break;
    #####:  224:        case AST_BINARY_DIV:
    #####:  225:            operatorName = "/";
    #####:  226:            break;
    #####:  227:        default:
    #####:  228:            break;
        -:  229:    }
        -:  230:
        -:  231:    {
        -:  232:        char message[256];
        2:  233:        snprintf(message, sizeof(message), "operator '%s' requires numeric operands", operatorName);
        2:  234:        appendCategorizedError(node, result, SEMANTIC_ERROR_TYPE, message);
        -:  235:    }
        2:  236:}
        -:  237:
        4:  238:static void appendConditionTypeError(AstNode *node, SemanticResult *result) {
        4:  239:    appendCategorizedError(node, result, SEMANTIC_ERROR_TYPE, "condition must be bool");
        4:  240:}
        -:  241:
        2:  242:static void appendUndeclaredFunctionError(AstNode *node, SemanticResult *result, const char *name) {
        -:  243:    char message[256];
        -:  244:
        2:  245:    snprintf(message, sizeof(message), "call to undeclared function '%s'", name);
        2:  246:    appendCategorizedError(node, result, SEMANTIC_ERROR_NAME, message);
        2:  247:}
        -:  248:
        2:  249:static void appendWrongArgumentCountError(AstNode *node, SemanticResult *result, const char *name, size_t expected, size_t actual) {
        -:  250:    char message[256];
        -:  251:
        2:  252:    snprintf(message, sizeof(message), "function '%s' expects %zu arguments but got %zu", name, expected, actual);
        2:  253:    appendCategorizedError(node, result, SEMANTIC_ERROR_TYPE, message);
        2:  254:}
        -:  255:
        2:  256:static void appendWrongArgumentTypeError(AstNode *node, SemanticResult *result, const char *name, size_t index, const SemanticType *expectedType, const SemanticType *actualType) {
        -:  257:    char message[256];
        -:  258:
        2:  259:    snprintf(
        -:  260:        message,
        -:  261:        sizeof(message),
        -:  262:        "argument %zu of function '%s' expects %s but got %s",
        -:  263:        index,
        -:  264:        name,
        -:  265:        semanticTypeName(expectedType),
        -:  266:        semanticTypeName(actualType)
        -:  267:    );
        2:  268:    appendCategorizedError(node, result, SEMANTIC_ERROR_TYPE, message);
        2:  269:}
        -:  270:
        2:  271:static void appendMissingReturnError(AstNode *node, SemanticResult *result, const char *name, const SemanticType *returnType) {
        -:  272:    char message[256];
        -:  273:
        2:  274:    snprintf(message, sizeof(message), "function '%s' with return type %s must return a value", name, semanticTypeName(returnType));
        2:  275:    appendCategorizedError(node, result, SEMANTIC_ERROR_TYPE, message);
        2:  276:}
        -:  277:
        2:  278:static void appendIncompatibleReturnTypeError(AstNode *node, SemanticResult *result, const char *name, const SemanticType *expectedType, const SemanticType *actualType) {
        -:  279:    char message[256];
        -:  280:
        2:  281:    snprintf(message, sizeof(message), "return type of function '%s' expects %s but got %s", name, semanticTypeName(expectedType), semanticTypeName(actualType));
        2:  282:    appendCategorizedError(node, result, SEMANTIC_ERROR_TYPE, message);
        2:  283:}
        -:  284:
        2:  285:static void appendVoidReturnValueError(AstNode *node, SemanticResult *result, const char *name) {
        -:  286:    char message[256];
        -:  287:
        2:  288:    snprintf(message, sizeof(message), "function '%s' with return type void cannot return a value", name);
        2:  289:    appendCategorizedError(node, result, SEMANTIC_ERROR_TYPE, message);
        2:  290:}
        -:  291:
        2:  292:static void appendEmptyReturnError(AstNode *node, SemanticResult *result, const char *name, const SemanticType *returnType) {
        -:  293:    char message[256];
        -:  294:
        2:  295:    snprintf(message, sizeof(message), "function '%s' with return type %s cannot use empty return", name, semanticTypeName(returnType));
        2:  296:    appendCategorizedError(node, result, SEMANTIC_ERROR_TYPE, message);
        2:  297:}
        -:  298:
       38:  299:static bool semanticTypeIsNumeric(const SemanticType *type) {
       38:  300:    return type != NULL && (type->kind == SEM_TYPE_INT || type->kind == SEM_TYPE_FLOAT);
        -:  301:}
        -:  302:
       30:  303:static bool semanticTypeIsBool(const SemanticType *type) {
       30:  304:    return type != NULL && type->kind == SEM_TYPE_BOOL;
        -:  305:}
        -:  306:
       12:  307:static size_t semanticStringLiteralLength(const char *value) {
        -:  308:    size_t length;
        -:  309:
       12:  310:    if (value == NULL) {
    #####:  311:        return 0;
        -:  312:    }
        -:  313:
       12:  314:    length = strlen(value);
      12*:  315:    if (length >= 2 && ((value[0] == '"' && value[length - 1] == '"') || (value[0] == '\'' && value[length - 1] == '\''))) {
       12:  316:        return length - 2;
        -:  317:    }
        -:  318:
    #####:  319:    return length;
        -:  320:}
        -:  321:
      226:  322:static bool declareBuiltinFunction(Scope *scope, const char *name, SemanticType *return_type, SemanticType **params, size_t param_count) {
      226:  323:    Symbol *symbol = symbolCreateFunction(name, return_type, params, param_count);
        -:  324:
      226:  325:    if (symbol == NULL) {
    #####:  326:        return false;
        -:  327:    }
        -:  328:
      226:  329:    if (!scopeDeclare(scope, symbol)) {
    #####:  330:        symbolFree(symbol);
    #####:  331:        return false;
        -:  332:    }
        -:  333:
      226:  334:    return true;
        -:  335:}
        -:  336:
      113:  337:static void declareBuiltinRuntimeFunctions(Scope *scope) {
        -:  338:    SemanticType *print_string_params[1];
        -:  339:    SemanticType *print_int_params[1];
        -:  340:
      113:  341:    if (scope == NULL) {
    #####:  342:        return;
        -:  343:    }
        -:  344:
      113:  345:    print_string_params[0] = semanticTypeNewPrimitive(SEM_TYPE_STRING);
      113:  346:    if (print_string_params[0] != NULL) {
      113:  347:        declareBuiltinFunction(scope, "printString", semanticTypeNewPrimitive(SEM_TYPE_VOID), print_string_params, 1);
      113:  348:        semanticTypeFree(print_string_params[0]);
        -:  349:    }
        -:  350:
      113:  351:    print_int_params[0] = semanticTypeNewPrimitive(SEM_TYPE_INT);
      113:  352:    if (print_int_params[0] != NULL) {
      113:  353:        declareBuiltinFunction(scope, "printInt", semanticTypeNewPrimitive(SEM_TYPE_VOID), print_int_params, 1);
      113:  354:        semanticTypeFree(print_int_params[0]);
        -:  355:    }
        -:  356:}
        -:  357:
      113:  358:static Scope *createValidationRoot(const Scope *globalScope) {
      113:  359:    Scope *root = scopeCreate(NULL);
        -:  360:    size_t i;
        -:  361:
      113:  362:    if (root == NULL || globalScope == NULL) {
    #####:  363:        return root;
        -:  364:    }
        -:  365:
     7345:  366:    for (i = 0; i < globalScope->bucket_count; i++) {
     7232:  367:        Symbol *current = globalScope->buckets[i];
     7585:  368:        while (current != NULL) {
      353:  369:            if (current->kind == SYMBOL_FUNCTION) {
      326:  370:                Symbol *copy = symbolCreateFunction(current->name, semanticTypeClone(current->type), current->params, current->param_count);
      326:  371:                if (copy != NULL) {
      326:  372:                    scopeDeclare(root, copy);
        -:  373:                }
        -:  374:            }
      353:  375:            current = current->next;
        -:  376:        }
        -:  377:    }
        -:  378:
      113:  379:    return root;
        -:  380:}
        -:  381:
      109:  382:static void declareVariableInScope(const char *name, AstNode *declaredTypeNode, Scope *scope) {
        -:  383:    Symbol *symbol;
        -:  384:
      109:  385:    if (scopeLookupCurrent(scope, name) != NULL) {
        4:  386:        return;
        -:  387:    }
        -:  388:
      105:  389:    symbol = symbolCreateVariable(name, semanticTypeFromAst(declaredTypeNode));
      105:  390:    if (symbol == NULL) {
    #####:  391:        return;
        -:  392:    }
        -:  393:
      105:  394:    if (!scopeDeclare(scope, symbol)) {
    #####:  395:        symbolFree(symbol);
        -:  396:    }
        -:  397:}
        -:  398:
       60:  399:static SemanticType *checkIdentifier(AstNode *node, Scope *scope, SemanticResult *result) {
       60:  400:    Symbol *symbol = scopeLookup(scope, node->data.identifier.name);
        -:  401:
       60:  402:    if (symbol == NULL || symbol->kind != SYMBOL_VARIABLE) {
        4:  403:        appendUndeclaredVariableError(node, result, node->data.identifier.name);
        4:  404:        return semanticTypeNewPrimitive(SEM_TYPE_ERROR);
        -:  405:    }
        -:  406:
       56:  407:    return semanticTypeClone(symbol->type);
        -:  408:}
        -:  409:
       18:  410:static SemanticType *checkAssign(AstNode *node, Scope *scope, SemanticResult *result) {
       18:  411:    SemanticType *valueType = checkExpression(node->data.assign.value, scope, result);
        -:  412:
       18:  413:    if (node->data.assign.target->type == AST_IDENTIFIER) {
       18:  414:        Symbol *targetSymbol = scopeLookup(scope, node->data.assign.target->data.identifier.name);
        -:  415:
       18:  416:        if (targetSymbol != NULL && targetSymbol->kind == SYMBOL_VARIABLE) {
       14:  417:            if (valueType->kind != SEM_TYPE_ERROR && !semanticTypeEquals(targetSymbol->type, valueType)) {
    #####:  418:                appendCategorizedError(node, result, SEMANTIC_ERROR_TYPE, "assignment types are incompatible");
        -:  419:            }
       14:  420:            semanticTypeFree(valueType);
       14:  421:            return semanticTypeClone(targetSymbol->type);
        -:  422:        }
        -:  423:
        4:  424:        return valueType;
        -:  425:    }
        -:  426:
    #####:  427:    return valueType;
        -:  428:}
        -:  429:
       27:  430:static SemanticType *checkBinary(AstNode *node, Scope *scope, SemanticResult *result) {
       27:  431:    SemanticType *leftType = checkExpression(node->data.binary.left, scope, result);
       27:  432:    SemanticType *rightType = checkExpression(node->data.binary.right, scope, result);
       27:  433:    SemanticType *resultType = semanticTypeNewPrimitive(SEM_TYPE_ERROR);
        -:  434:
       27:  435:    switch (node->data.binary.op) {
       10:  436:        case AST_BINARY_ADD:
        -:  437:        case AST_BINARY_SUB:
        -:  438:        case AST_BINARY_MUL:
        -:  439:        case AST_BINARY_DIV:
       10:  440:            if (!semanticTypeIsNumeric(leftType) || !semanticTypeIsNumeric(rightType) || !semanticTypeEquals(leftType, rightType)) {
        2:  441:                appendNumericOperandError(node, result, node->data.binary.op);
        -:  442:            } else {
        8:  443:                semanticTypeFree(resultType);
        8:  444:                resultType = semanticTypeClone(leftType);
        -:  445:            }
       10:  446:            break;
        9:  447:        case AST_BINARY_GT:
        -:  448:        case AST_BINARY_LT:
        -:  449:        case AST_BINARY_GTE:
        -:  450:        case AST_BINARY_LTE:
        9:  451:            if (!semanticTypeIsNumeric(leftType) || !semanticTypeIsNumeric(rightType) || !semanticTypeEquals(leftType, rightType)) {
    #####:  452:                appendCategorizedError(node, result, SEMANTIC_ERROR_TYPE, "comparison requires compatible numeric operands");
        -:  453:            } else {
        9:  454:                semanticTypeFree(resultType);
        9:  455:                resultType = semanticTypeNewPrimitive(SEM_TYPE_BOOL);
        -:  456:            }
        9:  457:            break;
        4:  458:        case AST_BINARY_EQ:
        -:  459:        case AST_BINARY_NEQ:
        4:  460:            if (!semanticTypeEquals(leftType, rightType)) {
        2:  461:                appendCategorizedError(node, result, SEMANTIC_ERROR_TYPE, "comparison requires compatible operands");
        -:  462:            } else {
        2:  463:                semanticTypeFree(resultType);
        2:  464:                resultType = semanticTypeNewPrimitive(SEM_TYPE_BOOL);
        -:  465:            }
        4:  466:            break;
        4:  467:        case AST_BINARY_AND:
        -:  468:        case AST_BINARY_OR:
        4:  469:            if (!semanticTypeIsBool(leftType) || !semanticTypeIsBool(rightType)) {
        2:  470:                appendCategorizedError(node, result, SEMANTIC_ERROR_TYPE, "logical operators require bool operands");
        -:  471:            } else {
        2:  472:                semanticTypeFree(resultType);
        2:  473:                resultType = semanticTypeNewPrimitive(SEM_TYPE_BOOL);
        -:  474:            }
        4:  475:            break;
        -:  476:    }
        -:  477:
       27:  478:    semanticTypeFree(leftType);
       27:  479:    semanticTypeFree(rightType);
       27:  480:    return resultType;
        -:  481:}
        -:  482:
        4:  483:static SemanticType *checkUnary(AstNode *node, Scope *scope, SemanticResult *result) {
        4:  484:    SemanticType *operandType = checkExpression(node->data.unary.operand, scope, result);
        -:  485:
        4:  486:    if (node->data.unary.op == AST_UNARY_NOT) {
        2:  487:        if (!semanticTypeIsBool(operandType)) {
        1:  488:            appendCategorizedError(node, result, SEMANTIC_ERROR_TYPE, "operator '!' requires bool operand");
        1:  489:            semanticTypeFree(operandType);
        1:  490:            return semanticTypeNewPrimitive(SEM_TYPE_ERROR);
        -:  491:        }
        -:  492:
        1:  493:        semanticTypeFree(operandType);
        1:  494:        return semanticTypeNewPrimitive(SEM_TYPE_BOOL);
        -:  495:    }
        -:  496:
        2:  497:    if (!semanticTypeIsNumeric(operandType)) {
    #####:  498:        appendCategorizedError(node, result, SEMANTIC_ERROR_TYPE, "operator '-' requires numeric operand");
    #####:  499:        semanticTypeFree(operandType);
    #####:  500:        return semanticTypeNewPrimitive(SEM_TYPE_ERROR);
        -:  501:    }
        -:  502:
        2:  503:    return operandType;
        -:  504:}
        -:  505:
       11:  506:static SemanticType *checkArrayLiteral(AstNode *node, Scope *scope, SemanticResult *result) {
       11:  507:    SemanticType *arrayType = semanticTypeNewPrimitive(SEM_TYPE_ARRAY);
       11:  508:    SemanticType *elementType = NULL;
        -:  509:    size_t i;
        -:  510:
       11:  511:    if (arrayType == NULL) {
    #####:  512:        return NULL;
        -:  513:    }
        -:  514:
       11:  515:    if (node->data.array_literal.count == 0) {
    #####:  516:        arrayType->element_type = semanticTypeNewPrimitive(SEM_TYPE_ERROR);
    #####:  517:        return arrayType;
        -:  518:    }
        -:  519:
       34:  520:    for (i = 0; i < node->data.array_literal.count; i++) {
       23:  521:        SemanticType *currentType = checkExpression(node->data.array_literal.elements[i], scope, result);
        -:  522:
       23:  523:        if (elementType == NULL) {
       11:  524:            elementType = semanticTypeClone(currentType);
       12:  525:        } else if (currentType->kind != SEM_TYPE_ERROR && !semanticTypeEquals(elementType, currentType)) {
        1:  526:            appendCategorizedError(node, result, SEMANTIC_ERROR_TYPE, "array literal elements must have compatible types");
        1:  527:            semanticTypeFree(elementType);
        1:  528:            elementType = semanticTypeNewPrimitive(SEM_TYPE_ERROR);
        -:  529:        }
        -:  530:
       23:  531:        semanticTypeFree(currentType);
        -:  532:    }
        -:  533:
       11:  534:    if (elementType == NULL) {
    #####:  535:        elementType = semanticTypeNewPrimitive(SEM_TYPE_ERROR);
        -:  536:    }
        -:  537:
       11:  538:    arrayType->element_type = elementType;
       11:  539:    return arrayType;
        -:  540:}
        -:  541:
        9:  542:static SemanticType *checkArrayAccess(AstNode *node, Scope *scope, SemanticResult *result) {
        9:  543:    SemanticType *baseType = checkExpression(node->data.array_access.base, scope, result);
        -:  544:    size_t i;
        -:  545:
       16:  546:    for (i = 0; i < node->data.array_access.index_count; i++) {
        9:  547:        SemanticType *indexType = checkExpression(node->data.array_access.indices[i], scope, result);
        -:  548:
        9:  549:        if (indexType->kind != SEM_TYPE_ERROR && indexType->kind != SEM_TYPE_INT) {
        4:  550:            appendCategorizedError(node->data.array_access.indices[i], result, SEMANTIC_ERROR_TYPE, "array index must be int");
        -:  551:        }
        -:  552:
        9:  553:        if (baseType->kind != SEM_TYPE_ARRAY) {
        -:  554:            char message[256];
        -:  555:
        2:  556:            snprintf(message, sizeof(message), "cannot index non-array value of type %s", semanticTypeName(baseType));
        2:  557:            appendCategorizedError(node, result, SEMANTIC_ERROR_TYPE, message);
        2:  558:            semanticTypeFree(indexType);
        2:  559:            semanticTypeFree(baseType);
        2:  560:            return semanticTypeNewPrimitive(SEM_TYPE_ERROR);
        -:  561:        }
        -:  562:
        -:  563:        {
        7:  564:            SemanticType *nextType = semanticTypeClone(baseType->element_type);
        7:  565:            semanticTypeFree(baseType);
        7:  566:            baseType = nextType;
        -:  567:        }
        -:  568:
        7:  569:        semanticTypeFree(indexType);
        -:  570:    }
        -:  571:
        7:  572:    return baseType;
        -:  573:}
        -:  574:
       25:  575:static SemanticType *checkCall(AstNode *node, Scope *scope, SemanticResult *result) {
        -:  576:    Symbol *callee;
        -:  577:    size_t i;
        -:  578:
       25:  579:    if (node->data.call.callee->type != AST_IDENTIFIER) {
    #####:  580:        return semanticTypeNewPrimitive(SEM_TYPE_ERROR);
        -:  581:    }
        -:  582:
       25:  583:    callee = scopeLookup(scope, node->data.call.callee->data.identifier.name);
       25:  584:    if (callee == NULL || callee->kind != SYMBOL_FUNCTION) {
        2:  585:        appendUndeclaredFunctionError(node->data.call.callee, result, node->data.call.callee->data.identifier.name);
        2:  586:        return semanticTypeNewPrimitive(SEM_TYPE_ERROR);
        -:  587:    }
        -:  588:
       23:  589:    if (node->data.call.arg_count != callee->param_count) {
        2:  590:        appendWrongArgumentCountError(node->data.call.callee, result, callee->name, callee->param_count, node->data.call.arg_count);
        2:  591:        return semanticTypeNewPrimitive(SEM_TYPE_ERROR);
        -:  592:    }
        -:  593:
       42:  594:    for (i = 0; i < node->data.call.arg_count; i++) {
       21:  595:        SemanticType *argType = checkExpression(node->data.call.args[i], scope, result);
       21:  596:        if (argType->kind != SEM_TYPE_ERROR && !semanticTypeEquals(callee->params[i], argType)) {
        2:  597:            appendWrongArgumentTypeError(node->data.call.args[i], result, callee->name, i + 1, callee->params[i], argType);
        -:  598:        }
       21:  599:        semanticTypeFree(argType);
        -:  600:    }
        -:  601:
       21:  602:    return semanticTypeClone(callee->type);
        -:  603:}
        -:  604:
      320:  605:static SemanticType *checkExpression(AstNode *node, Scope *scope, SemanticResult *result) {
        -:  606:    
      320:  607:    if (node == NULL) {
    #####:  608:        return semanticTypeNewPrimitive(SEM_TYPE_ERROR);
        -:  609:    }
        -:  610:
      320:  611:    switch (node->type) {
       60:  612:        case AST_IDENTIFIER:
       60:  613:            return checkIdentifier(node, scope, result);
      118:  614:        case AST_INT_LITERAL:
      118:  615:            return semanticTypeNewPrimitive(SEM_TYPE_INT);
        3:  616:        case AST_FLOAT_LITERAL:
        3:  617:            return semanticTypeNewPrimitive(SEM_TYPE_FLOAT);
       12:  618:        case AST_STRING_LITERAL:
       12:  619:            if (semanticStringLiteralLength(node->data.string_literal.value) == 1) {
        2:  620:                return semanticTypeNewPrimitive(SEM_TYPE_CHAR);
        -:  621:            }
       10:  622:            return semanticTypeNewPrimitive(SEM_TYPE_STRING);
       33:  623:        case AST_BOOL_LITERAL:
       33:  624:            return semanticTypeNewPrimitive(SEM_TYPE_BOOL);
       11:  625:        case AST_ARRAY_LITERAL:
       11:  626:            return checkArrayLiteral(node, scope, result);
        9:  627:        case AST_ARRAY_ACCESS:
        9:  628:            return checkArrayAccess(node, scope, result);
       27:  629:        case AST_BINARY:
       27:  630:            return checkBinary(node, scope, result);
        4:  631:        case AST_UNARY:
        4:  632:            return checkUnary(node, scope, result);
       25:  633:        case AST_CALL:
       25:  634:            return checkCall(node, scope, result);
       18:  635:        case AST_ASSIGN:
       18:  636:            return checkAssign(node, scope, result);
    #####:  637:        default:
    #####:  638:            return semanticTypeNewPrimitive(SEM_TYPE_ERROR);
        -:  639:    }
        -:  640:}
        -:  641:
       78:  642:static void validateVariableDeclaration(AstNode *node, Scope *scope, SemanticResult *result, bool requireLiteralInitializer) {
       78:  643:    SemanticType *declaredType = semanticTypeFromAst(node->data.var_decl.declared_type);
        -:  644:
       78:  645:    if (node->data.var_decl.initializer != NULL) {
       78:  646:        if (requireLiteralInitializer && !isAllowedGlobalInitializer(node->data.var_decl.initializer)) {
        4:  647:            appendInvalidGlobalInitializerError(node, result, node->data.var_decl.name);
        -:  648:        } else {
       74:  649:            SemanticType *initializerType = checkExpression(node->data.var_decl.initializer, scope, result);
       74:  650:            if (initializerType->kind != SEM_TYPE_ERROR && !semanticTypeEquals(declaredType, initializerType)) {
        7:  651:                appendInitializerTypeError(node, result, node->data.var_decl.name, declaredType, initializerType);
        -:  652:            }
       74:  653:            semanticTypeFree(initializerType);
        -:  654:        }
        -:  655:    }
        -:  656:
       78:  657:    semanticTypeFree(declaredType);
       78:  658:    declareVariableInScope(node->data.var_decl.name, node->data.var_decl.declared_type, scope);
       78:  659:}
        -:  660:
      126:  661:static void validateBlock(AstNode *node, Scope *scope, SemanticResult *result) {
      126:  662:    Scope *blockScope = scopeCreate(scope);
        -:  663:    size_t i;
        -:  664:
      126:  665:    if (blockScope == NULL) {
    #####:  666:        return;
        -:  667:    }
        -:  668:
      304:  669:    for (i = 0; i < node->data.block.count; i++) {
      178:  670:        validateNode(node->data.block.items[i], blockScope, result);
        -:  671:    }
        -:  672:
      126:  673:    scopeFree(blockScope);
        -:  674:}
        -:  675:
      104:  676:static void validateFunction(AstNode *node, Scope *scope, SemanticResult *result) {
      104:  677:    Scope *functionScope = scopeCreate(scope);
        -:  678:    FunctionContext context;
      104:  679:    FunctionContext *previousContext = currentFunctionContext;
        -:  680:    size_t i;
        -:  681:
      104:  682:    if (functionScope == NULL) {
    #####:  683:        return;
        -:  684:    }
        -:  685:
      104:  686:    context.function_name = node->data.func_decl.name;
      104:  687:    context.return_type = semanticTypeFromAst(node->data.func_decl.return_type);
      104:  688:    context.found_compatible_return = false;
      104:  689:    currentFunctionContext = &context;
        -:  690:
      135:  691:    for (i = 0; i < node->data.func_decl.param_count; i++) {
       31:  692:        AstNode *param = node->data.func_decl.params[i];
       31:  693:        declareVariableInScope(param->data.param.name, param->data.param.declared_type, functionScope);
        -:  694:    }
        -:  695:
      104:  696:    validateNode(node->data.func_decl.body, functionScope, result);
      104:  697:    if (context.return_type != NULL && context.return_type->kind != SEM_TYPE_VOID && !context.found_compatible_return) {
        2:  698:        appendMissingReturnError(node, result, node->data.func_decl.name, context.return_type);
        -:  699:    }
      104:  700:    semanticTypeFree(context.return_type);
      104:  701:    currentFunctionContext = previousContext;
      104:  702:    scopeFree(functionScope);
        -:  703:}
        -:  704:
      543:  705:static void validateNode(AstNode *node, Scope *scope, SemanticResult *result) {
        -:  706:    size_t i;
        -:  707:
      543:  708:    if (node == NULL) {
       10:  709:        return;
        -:  710:    }
        -:  711:
      533:  712:    switch (node->type) {
      113:  713:        case AST_PROGRAM:
      254:  714:            for (i = 0; i < node->data.program.count; i++) {
      141:  715:                AstNode *item = node->data.program.items[i];
        -:  716:
      141:  717:                if (item != NULL && item->type == AST_VAR_DECL) {
       29:  718:                    validateVariableDeclaration(item, scope, result, true);
       29:  719:                    continue;
        -:  720:                }
        -:  721:
      112:  722:                validateNode(item, scope, result);
        -:  723:            }
      113:  724:            return;
      126:  725:        case AST_BLOCK:
      126:  726:            validateBlock(node, scope, result);
      126:  727:            return;
       49:  728:        case AST_VAR_DECL:
       49:  729:            validateVariableDeclaration(node, scope, result, false);
       49:  730:            return;
       40:  731:        case AST_EXPR_STMT:
        -:  732:        case AST_ASSIGN: {
       40:  733:            SemanticType *exprType = checkExpression(node->type == AST_EXPR_STMT ? node->data.expr_stmt.expression : node, scope, result);
       40:  734:            semanticTypeFree(exprType);
       40:  735:            return;
        -:  736:        }
       12:  737:        case AST_IF: {
       12:  738:            SemanticType *conditionType = checkExpression(node->data.if_stmt.condition, scope, result);
       12:  739:            if (conditionType->kind != SEM_TYPE_ERROR && !semanticTypeIsBool(conditionType)) {
        4:  740:                appendConditionTypeError(node->data.if_stmt.condition, result);
        -:  741:            }
       12:  742:            semanticTypeFree(conditionType);
       12:  743:            validateNode(node->data.if_stmt.then_branch, scope, result);
       12:  744:            validateNode(node->data.if_stmt.else_branch, scope, result);
       12:  745:            return;
        -:  746:        }
        4:  747:        case AST_WHILE: {
        4:  748:            SemanticType *conditionType = checkExpression(node->data.while_stmt.condition, scope, result);
        4:  749:            if (conditionType->kind != SEM_TYPE_ERROR && !semanticTypeIsBool(conditionType)) {
    #####:  750:                appendConditionTypeError(node->data.while_stmt.condition, result);
        -:  751:            }
        4:  752:            semanticTypeFree(conditionType);
        4:  753:            currentLoopDepth++;
        4:  754:            validateNode(node->data.while_stmt.body, scope, result);
        4:  755:            currentLoopDepth--;
        4:  756:            return;
        -:  757:        }
        4:  758:        case AST_FOR: {
        4:  759:            Scope *forScope = scopeCreate(scope);
        4:  760:            if (forScope == NULL) {
    #####:  761:                return;
        -:  762:            }
        -:  763:
        4:  764:            if (node->data.for_stmt.init != NULL) {
        4:  765:                validateNode(node->data.for_stmt.init, forScope, result);
        -:  766:            }
        4:  767:            if (node->data.for_stmt.condition != NULL) {
        4:  768:                SemanticType *conditionType = checkExpression(node->data.for_stmt.condition, forScope, result);
        4:  769:                if (conditionType->kind != SEM_TYPE_ERROR && !semanticTypeIsBool(conditionType)) {
    #####:  770:                    appendConditionTypeError(node->data.for_stmt.condition, result);
        -:  771:                }
        4:  772:                semanticTypeFree(conditionType);
        -:  773:            }
        4:  774:            if (node->data.for_stmt.update != NULL) {
        4:  775:                SemanticType *updateType = checkExpression(node->data.for_stmt.update, forScope, result);
        4:  776:                semanticTypeFree(updateType);
        -:  777:            }
        4:  778:            currentLoopDepth++;
        4:  779:            validateNode(node->data.for_stmt.body, forScope, result);
        4:  780:            currentLoopDepth--;
        4:  781:            scopeFree(forScope);
        4:  782:            return;
        -:  783:        }
      104:  784:        case AST_FUNC_DECL:
      104:  785:            validateFunction(node, scope, result);
      104:  786:            return;
       69:  787:        case AST_RETURN:
       69:  788:            if (currentFunctionContext == NULL || currentFunctionContext->return_type == NULL) {
        4:  789:                appendCategorizedError(node, result, SEMANTIC_ERROR_TYPE, "return statement outside function");
        4:  790:                return;
        -:  791:            }
        -:  792:
       65:  793:            if (node->data.return_stmt.value == NULL) {
       21:  794:                if (currentFunctionContext->return_type->kind != SEM_TYPE_VOID) {
        2:  795:                    appendEmptyReturnError(node, result, currentFunctionContext->function_name, currentFunctionContext->return_type);
        2:  796:                    currentFunctionContext->found_compatible_return = true;
        -:  797:                }
       21:  798:                return;
        -:  799:            }
        -:  800:
       44:  801:            if (node->data.return_stmt.value != NULL) {
       44:  802:                SemanticType *returnType = checkExpression(node->data.return_stmt.value, scope, result);
        -:  803:
       44:  804:                if (currentFunctionContext->return_type->kind == SEM_TYPE_VOID) {
        2:  805:                    appendVoidReturnValueError(node, result, currentFunctionContext->function_name);
        -:  806:                } else {
       42:  807:                    currentFunctionContext->found_compatible_return = true;
        -:  808:                }
        -:  809:
       44:  810:                if (currentFunctionContext->return_type->kind != SEM_TYPE_VOID && returnType->kind != SEM_TYPE_ERROR && !semanticTypeEquals(currentFunctionContext->return_type, returnType)) {
        2:  811:                    appendIncompatibleReturnTypeError(node, result, currentFunctionContext->function_name, currentFunctionContext->return_type, returnType);
        -:  812:                }
        -:  813:
       44:  814:                semanticTypeFree(returnType);
        -:  815:            }
       44:  816:            return;
        6:  817:        case AST_BREAK:
        6:  818:            if (currentLoopDepth == 0) {
        2:  819:                appendCategorizedError(node, result, SEMANTIC_ERROR_TYPE, "break statement outside loop");
        -:  820:            }
        6:  821:            return;
        6:  822:        case AST_CONTINUE:
        6:  823:            if (currentLoopDepth == 0) {
        2:  824:                appendCategorizedError(node, result, SEMANTIC_ERROR_TYPE, "continue statement outside loop");
        -:  825:            }
        6:  826:            return;
    #####:  827:        default:
    #####:  828:            return;
        -:  829:    }
        -:  830:}
        -:  831:
      113:  832:SemanticResult semanticAnalyze(AstNode *program) {
        -:  833:    SemanticResult result;
        -:  834:    Scope *validationRoot;
        -:  835:
      113:  836:    semanticErrorListInit(&result.errors);
      113:  837:    result.global_scope = scopeCreate(NULL);
      113:  838:    if (result.global_scope != NULL) {
      113:  839:        declareBuiltinRuntimeFunctions(result.global_scope);
      113:  840:        collectSymbols(program, result.global_scope, &result);
      113:  841:        validationRoot = createValidationRoot(result.global_scope);
      113:  842:        if (validationRoot != NULL) {
      113:  843:            validateNode(program, validationRoot, &result);
      113:  844:            scopeFree(validationRoot);
        -:  845:        }
        -:  846:    }
      113:  847:    return result;
        -:  848:}
        -:  849:
      113:  850:void semanticResultFree(SemanticResult *result) {
      113:  851:    scopeFree(result->global_scope);
      113:  852:    result->global_scope = NULL;
      113:  853:    semanticErrorListFree(&result->errors);
      113:  854:}
